------------------------------------------------------------------------------------
------- Execution Stack: -------
bool a
int v
a = true
if (a) then (v = 2) else (v = 3)
(v)




------- Symbol Table: -------

------- Out: -------

------- FileTable: -------

------- Heap: -------
------------------------------------------------------------------------------------

------------------------------------------------------------------------------------
------- Execution Stack: -------
int v
a = true
if (a) then (v = 2) else (v = 3)
(v)


bool a
------- Symbol Table: -------

------- Out: -------

------- FileTable: -------

------- Heap: -------
------------------------------------------------------------------------------------

------------------------------------------------------------------------------------
------- Execution Stack: -------
int v
a = true
if (a) then (v = 2) else (v = 3)
(v)


bool a
------- Symbol Table: -------

------- Out: -------

------- FileTable: -------

------- Heap: -------
------------------------------------------------------------------------------------

