------------------------------------------------------------------------------------
------- Execution Stack: -------
int v
v = 4
(while (v > 0) ((v);v = v - 1))
(v)



------- Symbol Table: -------

------- Out: -------

------- FileTable: -------

------- Heap: -------
------------------------------------------------------------------------------------

------------------------------------------------------------------------------------
------- Execution Stack: -------
v = 4
(while (v > 0) ((v);v = v - 1))
(v)

int v
------- Symbol Table: -------

------- Out: -------

------- FileTable: -------

------- Heap: -------
------------------------------------------------------------------------------------

------------------------------------------------------------------------------------
------- Execution Stack: -------
v = 4
(while (v > 0) ((v);v = v - 1))
(v)

int v
------- Symbol Table: -------

------- Out: -------

------- FileTable: -------

------- Heap: -------
------------------------------------------------------------------------------------

------------------------------------------------------------------------------------
------- Execution Stack: -------
v = 4
(while (v > 0) ((v);v = v - 1))
(v)


------- Symbol Table: -------
v = 0

------- Out: -------

------- FileTable: -------

------- Heap: -------
------------------------------------------------------------------------------------

------------------------------------------------------------------------------------
------- Execution Stack: -------
v = 4
(while (v > 0) ((v);v = v - 1))
(v)


------- Symbol Table: -------
v = 0

------- Out: -------

------- FileTable: -------

------- Heap: -------
------------------------------------------------------------------------------------

------------------------------------------------------------------------------------
------- Execution Stack: -------
(while (v > 0) ((v);v = v - 1))
(v)
v = 4
------- Symbol Table: -------
v = 0

------- Out: -------

------- FileTable: -------

------- Heap: -------
------------------------------------------------------------------------------------

------------------------------------------------------------------------------------
------- Execution Stack: -------
(while (v > 0) ((v);v = v - 1))
(v)
v = 4
------- Symbol Table: -------
v = 0

------- Out: -------

------- FileTable: -------

------- Heap: -------
------------------------------------------------------------------------------------

------------------------------------------------------------------------------------
------- Execution Stack: -------
(while (v > 0) ((v);v = v - 1))
(v)

------- Symbol Table: -------
v = 4

------- Out: -------

------- FileTable: -------

------- Heap: -------
------------------------------------------------------------------------------------

------------------------------------------------------------------------------------
------- Execution Stack: -------
(while (v > 0) ((v);v = v - 1))
(v)

------- Symbol Table: -------
v = 4

------- Out: -------

------- FileTable: -------

------- Heap: -------
------------------------------------------------------------------------------------

------------------------------------------------------------------------------------
------- Execution Stack: -------
(v)(while (v > 0) ((v);v = v - 1))
------- Symbol Table: -------
v = 4

------- Out: -------

------- FileTable: -------

------- Heap: -------
------------------------------------------------------------------------------------

------------------------------------------------------------------------------------
------- Execution Stack: -------
(v)(while (v > 0) ((v);v = v - 1))
------- Symbol Table: -------
v = 4

------- Out: -------

------- FileTable: -------

------- Heap: -------
------------------------------------------------------------------------------------

------------------------------------------------------------------------------------
------- Execution Stack: -------
(v)(while (v > 0) ((v);v = v - 1))(v)
v = v - 1

------- Symbol Table: -------
v = 4

------- Out: -------

------- FileTable: -------

------- Heap: -------
------------------------------------------------------------------------------------

------------------------------------------------------------------------------------
------- Execution Stack: -------
(v)(while (v > 0) ((v);v = v - 1))(v)
v = v - 1

------- Symbol Table: -------
v = 4

------- Out: -------

------- FileTable: -------

------- Heap: -------
------------------------------------------------------------------------------------

------------------------------------------------------------------------------------
------- Execution Stack: -------
(v)(while (v > 0) ((v);v = v - 1))v = v - 1(v)
------- Symbol Table: -------
v = 4

------- Out: -------

------- FileTable: -------

------- Heap: -------
------------------------------------------------------------------------------------

------------------------------------------------------------------------------------
------- Execution Stack: -------
(v)(while (v > 0) ((v);v = v - 1))v = v - 1(v)
------- Symbol Table: -------
v = 4

------- Out: -------

------- FileTable: -------

------- Heap: -------
------------------------------------------------------------------------------------

------------------------------------------------------------------------------------
------- Execution Stack: -------
(v)(while (v > 0) ((v);v = v - 1))v = v - 1
------- Symbol Table: -------
v = 4

------- Out: -------
4 
------- FileTable: -------

------- Heap: -------
------------------------------------------------------------------------------------

------------------------------------------------------------------------------------
------- Execution Stack: -------
(v)(while (v > 0) ((v);v = v - 1))v = v - 1
------- Symbol Table: -------
v = 4

------- Out: -------
4 
------- FileTable: -------

------- Heap: -------
------------------------------------------------------------------------------------

------------------------------------------------------------------------------------
------- Execution Stack: -------
(v)(while (v > 0) ((v);v = v - 1))
------- Symbol Table: -------
v = 3

------- Out: -------
4 
------- FileTable: -------

------- Heap: -------
------------------------------------------------------------------------------------

------------------------------------------------------------------------------------
------- Execution Stack: -------
(v)(while (v > 0) ((v);v = v - 1))
------- Symbol Table: -------
v = 3

------- Out: -------
4 
------- FileTable: -------

------- Heap: -------
------------------------------------------------------------------------------------

------------------------------------------------------------------------------------
------- Execution Stack: -------
(v)(while (v > 0) ((v);v = v - 1))(v)
v = v - 1

------- Symbol Table: -------
v = 3

------- Out: -------
4 
------- FileTable: -------

------- Heap: -------
------------------------------------------------------------------------------------

------------------------------------------------------------------------------------
------- Execution Stack: -------
(v)(while (v > 0) ((v);v = v - 1))(v)
v = v - 1

------- Symbol Table: -------
v = 3

------- Out: -------
4 
------- FileTable: -------

------- Heap: -------
------------------------------------------------------------------------------------

------------------------------------------------------------------------------------
------- Execution Stack: -------
(v)(while (v > 0) ((v);v = v - 1))v = v - 1(v)
------- Symbol Table: -------
v = 3

------- Out: -------
4 
------- FileTable: -------

------- Heap: -------
------------------------------------------------------------------------------------

------------------------------------------------------------------------------------
------- Execution Stack: -------
(v)(while (v > 0) ((v);v = v - 1))v = v - 1(v)
------- Symbol Table: -------
v = 3

------- Out: -------
4 
------- FileTable: -------

------- Heap: -------
------------------------------------------------------------------------------------

------------------------------------------------------------------------------------
------- Execution Stack: -------
(v)(while (v > 0) ((v);v = v - 1))v = v - 1
------- Symbol Table: -------
v = 3

------- Out: -------
4 3 
------- FileTable: -------

------- Heap: -------
------------------------------------------------------------------------------------

------------------------------------------------------------------------------------
------- Execution Stack: -------
(v)(while (v > 0) ((v);v = v - 1))v = v - 1
------- Symbol Table: -------
v = 3

------- Out: -------
4 3 
------- FileTable: -------

------- Heap: -------
------------------------------------------------------------------------------------

------------------------------------------------------------------------------------
------- Execution Stack: -------
(v)(while (v > 0) ((v);v = v - 1))
------- Symbol Table: -------
v = 2

------- Out: -------
4 3 
------- FileTable: -------

------- Heap: -------
------------------------------------------------------------------------------------

------------------------------------------------------------------------------------
------- Execution Stack: -------
(v)(while (v > 0) ((v);v = v - 1))
------- Symbol Table: -------
v = 2

------- Out: -------
4 3 
------- FileTable: -------

------- Heap: -------
------------------------------------------------------------------------------------

------------------------------------------------------------------------------------
------- Execution Stack: -------
(v)(while (v > 0) ((v);v = v - 1))(v)
v = v - 1

------- Symbol Table: -------
v = 2

------- Out: -------
4 3 
------- FileTable: -------

------- Heap: -------
------------------------------------------------------------------------------------

------------------------------------------------------------------------------------
------- Execution Stack: -------
(v)(while (v > 0) ((v);v = v - 1))(v)
v = v - 1

------- Symbol Table: -------
v = 2

------- Out: -------
4 3 
------- FileTable: -------

------- Heap: -------
------------------------------------------------------------------------------------

------------------------------------------------------------------------------------
------- Execution Stack: -------
(v)(while (v > 0) ((v);v = v - 1))v = v - 1(v)
------- Symbol Table: -------
v = 2

------- Out: -------
4 3 
------- FileTable: -------

------- Heap: -------
------------------------------------------------------------------------------------

------------------------------------------------------------------------------------
------- Execution Stack: -------
(v)(while (v > 0) ((v);v = v - 1))v = v - 1(v)
------- Symbol Table: -------
v = 2

------- Out: -------
4 3 
------- FileTable: -------

------- Heap: -------
------------------------------------------------------------------------------------

------------------------------------------------------------------------------------
------- Execution Stack: -------
(v)(while (v > 0) ((v);v = v - 1))v = v - 1
------- Symbol Table: -------
v = 2

------- Out: -------
4 3 2 
------- FileTable: -------

------- Heap: -------
------------------------------------------------------------------------------------

------------------------------------------------------------------------------------
------- Execution Stack: -------
(v)(while (v > 0) ((v);v = v - 1))v = v - 1
------- Symbol Table: -------
v = 2

------- Out: -------
4 3 2 
------- FileTable: -------

------- Heap: -------
------------------------------------------------------------------------------------

------------------------------------------------------------------------------------
------- Execution Stack: -------
(v)(while (v > 0) ((v);v = v - 1))
------- Symbol Table: -------
v = 1

------- Out: -------
4 3 2 
------- FileTable: -------

------- Heap: -------
------------------------------------------------------------------------------------

------------------------------------------------------------------------------------
------- Execution Stack: -------
(v)(while (v > 0) ((v);v = v - 1))
------- Symbol Table: -------
v = 1

------- Out: -------
4 3 2 
------- FileTable: -------

------- Heap: -------
------------------------------------------------------------------------------------

------------------------------------------------------------------------------------
------- Execution Stack: -------
(v)(while (v > 0) ((v);v = v - 1))(v)
v = v - 1

------- Symbol Table: -------
v = 1

------- Out: -------
4 3 2 
------- FileTable: -------

------- Heap: -------
------------------------------------------------------------------------------------

------------------------------------------------------------------------------------
------- Execution Stack: -------
(v)(while (v > 0) ((v);v = v - 1))(v)
v = v - 1

------- Symbol Table: -------
v = 1

------- Out: -------
4 3 2 
------- FileTable: -------

------- Heap: -------
------------------------------------------------------------------------------------

------------------------------------------------------------------------------------
------- Execution Stack: -------
(v)(while (v > 0) ((v);v = v - 1))v = v - 1(v)
------- Symbol Table: -------
v = 1

------- Out: -------
4 3 2 
------- FileTable: -------

------- Heap: -------
------------------------------------------------------------------------------------

------------------------------------------------------------------------------------
------- Execution Stack: -------
(v)(while (v > 0) ((v);v = v - 1))v = v - 1(v)
------- Symbol Table: -------
v = 1

------- Out: -------
4 3 2 
------- FileTable: -------

------- Heap: -------
------------------------------------------------------------------------------------

------------------------------------------------------------------------------------
------- Execution Stack: -------
(v)(while (v > 0) ((v);v = v - 1))v = v - 1
------- Symbol Table: -------
v = 1

------- Out: -------
4 3 2 1 
------- FileTable: -------

------- Heap: -------
------------------------------------------------------------------------------------

------------------------------------------------------------------------------------
------- Execution Stack: -------
(v)(while (v > 0) ((v);v = v - 1))v = v - 1
------- Symbol Table: -------
v = 1

------- Out: -------
4 3 2 1 
------- FileTable: -------

------- Heap: -------
------------------------------------------------------------------------------------

------------------------------------------------------------------------------------
------- Execution Stack: -------
(v)(while (v > 0) ((v);v = v - 1))
------- Symbol Table: -------
v = 0

------- Out: -------
4 3 2 1 
------- FileTable: -------

------- Heap: -------
------------------------------------------------------------------------------------

------------------------------------------------------------------------------------
------- Execution Stack: -------
(v)(while (v > 0) ((v);v = v - 1))
------- Symbol Table: -------
v = 0

------- Out: -------
4 3 2 1 
------- FileTable: -------

------- Heap: -------
------------------------------------------------------------------------------------

------------------------------------------------------------------------------------
------- Execution Stack: -------
(v)
------- Symbol Table: -------
v = 0

------- Out: -------
4 3 2 1 
------- FileTable: -------

------- Heap: -------
------------------------------------------------------------------------------------

------------------------------------------------------------------------------------
------- Execution Stack: -------
(v)
------- Symbol Table: -------
v = 0

------- Out: -------
4 3 2 1 
------- FileTable: -------

------- Heap: -------
------------------------------------------------------------------------------------

------------------------------------------------------------------------------------
------- Execution Stack: -------

------- Symbol Table: -------
v = 0

------- Out: -------
4 3 2 1 0 
------- FileTable: -------

------- Heap: -------
------------------------------------------------------------------------------------

------------------------------------------------------------------------------------
------- Execution Stack: -------

------- Symbol Table: -------
v = 0

------- Out: -------
4 3 2 1 0 
------- FileTable: -------

------- Heap: -------
------------------------------------------------------------------------------------

