------------------------------------------------------------------------------------
------- Execution Stack: -------
Ref(int) v
v = 20
Ref(Ref(int)) a
a = v
()
(5 + )





------- Symbol Table: -------

------- Out: -------

------- FileTable: -------

------- Heap: -------
------------------------------------------------------------------------------------

------------------------------------------------------------------------------------
------- Execution Stack: -------
v = 20
Ref(Ref(int)) a
a = v
()
(5 + )



Ref(int) v
------- Symbol Table: -------

------- Out: -------

------- FileTable: -------

------- Heap: -------
------------------------------------------------------------------------------------

------------------------------------------------------------------------------------
------- Execution Stack: -------
v = 20
Ref(Ref(int)) a
a = v
()
(5 + )



Ref(int) v
------- Symbol Table: -------

------- Out: -------

------- FileTable: -------

------- Heap: -------
------------------------------------------------------------------------------------

------------------------------------------------------------------------------------
------- Execution Stack: -------
v = 20
Ref(Ref(int)) a
a = v
()
(5 + )




------- Symbol Table: -------
v = (0, int)

------- Out: -------

------- FileTable: -------

------- Heap: -------
------------------------------------------------------------------------------------

------------------------------------------------------------------------------------
------- Execution Stack: -------
v = 20
Ref(Ref(int)) a
a = v
()
(5 + )




------- Symbol Table: -------
v = (0, int)

------- Out: -------

------- FileTable: -------

------- Heap: -------
------------------------------------------------------------------------------------

------------------------------------------------------------------------------------
------- Execution Stack: -------
Ref(Ref(int)) a
a = v
()
(5 + )


v = 20
------- Symbol Table: -------
v = (0, int)

------- Out: -------

------- FileTable: -------

------- Heap: -------
------------------------------------------------------------------------------------

------------------------------------------------------------------------------------
------- Execution Stack: -------
Ref(Ref(int)) a
a = v
()
(5 + )


v = 20
------- Symbol Table: -------
v = (0, int)

------- Out: -------

------- FileTable: -------

------- Heap: -------
------------------------------------------------------------------------------------

------------------------------------------------------------------------------------
------- Execution Stack: -------
Ref(Ref(int)) a
a = v
()
(5 + )



------- Symbol Table: -------
v = (1, int)

------- Out: -------

------- FileTable: -------

------- Heap: -------
1 = 20
------------------------------------------------------------------------------------

------------------------------------------------------------------------------------
------- Execution Stack: -------
Ref(Ref(int)) a
a = v
()
(5 + )



------- Symbol Table: -------
v = (1, int)

------- Out: -------

------- FileTable: -------

------- Heap: -------
1 = 20
------------------------------------------------------------------------------------

------------------------------------------------------------------------------------
------- Execution Stack: -------
a = v
()
(5 + )

Ref(Ref(int)) a
------- Symbol Table: -------
v = (1, int)

------- Out: -------

------- FileTable: -------

------- Heap: -------
1 = 20
------------------------------------------------------------------------------------

------------------------------------------------------------------------------------
------- Execution Stack: -------
a = v
()
(5 + )

Ref(Ref(int)) a
------- Symbol Table: -------
v = (1, int)

------- Out: -------

------- FileTable: -------

------- Heap: -------
1 = 20
------------------------------------------------------------------------------------

------------------------------------------------------------------------------------
------- Execution Stack: -------
a = v
()
(5 + )


------- Symbol Table: -------
a = (0, Ref(int))
v = (1, int)

------- Out: -------

------- FileTable: -------

------- Heap: -------
1 = 20
------------------------------------------------------------------------------------

------------------------------------------------------------------------------------
------- Execution Stack: -------
a = v
()
(5 + )


------- Symbol Table: -------
a = (0, Ref(int))
v = (1, int)

------- Out: -------

------- FileTable: -------

------- Heap: -------
1 = 20
------------------------------------------------------------------------------------

------------------------------------------------------------------------------------
------- Execution Stack: -------
()
(5 + )
a = v
------- Symbol Table: -------
a = (0, Ref(int))
v = (1, int)

------- Out: -------

------- FileTable: -------

------- Heap: -------
1 = 20
------------------------------------------------------------------------------------

------------------------------------------------------------------------------------
------- Execution Stack: -------
()
(5 + )
a = v
------- Symbol Table: -------
a = (0, Ref(int))
v = (1, int)

------- Out: -------

------- FileTable: -------

------- Heap: -------
1 = 20
------------------------------------------------------------------------------------

------------------------------------------------------------------------------------
------- Execution Stack: -------
()
(5 + )

------- Symbol Table: -------
a = (2, Ref(int))
v = (1, int)

------- Out: -------

------- FileTable: -------

------- Heap: -------
1 = 20
2 = (1, int)
------------------------------------------------------------------------------------

------------------------------------------------------------------------------------
------- Execution Stack: -------
()
(5 + )

------- Symbol Table: -------
a = (2, Ref(int))
v = (1, int)

------- Out: -------

------- FileTable: -------

------- Heap: -------
1 = 20
2 = (1, int)
------------------------------------------------------------------------------------

------------------------------------------------------------------------------------
------- Execution Stack: -------
(5 + )()
------- Symbol Table: -------
a = (2, Ref(int))
v = (1, int)

------- Out: -------

------- FileTable: -------

------- Heap: -------
1 = 20
2 = (1, int)
------------------------------------------------------------------------------------

------------------------------------------------------------------------------------
------- Execution Stack: -------
(5 + )()
------- Symbol Table: -------
a = (2, Ref(int))
v = (1, int)

------- Out: -------

------- FileTable: -------

------- Heap: -------
1 = 20
2 = (1, int)
------------------------------------------------------------------------------------

------------------------------------------------------------------------------------
------- Execution Stack: -------
(5 + )
------- Symbol Table: -------
a = (2, Ref(int))
v = (1, int)

------- Out: -------
20 
------- FileTable: -------

------- Heap: -------
1 = 20
2 = (1, int)
------------------------------------------------------------------------------------

------------------------------------------------------------------------------------
------- Execution Stack: -------
(5 + )
------- Symbol Table: -------
a = (2, Ref(int))
v = (1, int)

------- Out: -------
20 
------- FileTable: -------

------- Heap: -------
1 = 20
2 = (1, int)
------------------------------------------------------------------------------------

------------------------------------------------------------------------------------
------- Execution Stack: -------

------- Symbol Table: -------
a = (2, Ref(int))
v = (1, int)

------- Out: -------
20 25 
------- FileTable: -------

------- Heap: -------
1 = 20
2 = (1, int)
------------------------------------------------------------------------------------

------------------------------------------------------------------------------------
------- Execution Stack: -------

------- Symbol Table: -------
a = (2, Ref(int))
v = (1, int)

------- Out: -------
20 25 
------- FileTable: -------

------- Heap: -------
1 = 20
2 = (1, int)
------------------------------------------------------------------------------------

------------------------------------------------------------------------------------
------- Execution Stack: -------
Ref(int) v
v = 20
Ref(Ref(int)) a
a = v
()
(5 + )





------- Symbol Table: -------

------- Out: -------

------- FileTable: -------

------- Heap: -------
------------------------------------------------------------------------------------

------------------------------------------------------------------------------------
------- Execution Stack: -------
v = 20
Ref(Ref(int)) a
a = v
()
(5 + )



Ref(int) v
------- Symbol Table: -------

------- Out: -------

------- FileTable: -------

------- Heap: -------
------------------------------------------------------------------------------------

------------------------------------------------------------------------------------
------- Execution Stack: -------
v = 20
Ref(Ref(int)) a
a = v
()
(5 + )



Ref(int) v
------- Symbol Table: -------

------- Out: -------

------- FileTable: -------

------- Heap: -------
------------------------------------------------------------------------------------

------------------------------------------------------------------------------------
------- Execution Stack: -------
v = 20
Ref(Ref(int)) a
a = v
()
(5 + )




------- Symbol Table: -------
v = (0, int)

------- Out: -------

------- FileTable: -------

------- Heap: -------
------------------------------------------------------------------------------------

------------------------------------------------------------------------------------
------- Execution Stack: -------
v = 20
Ref(Ref(int)) a
a = v
()
(5 + )




------- Symbol Table: -------
v = (0, int)

------- Out: -------

------- FileTable: -------

------- Heap: -------
------------------------------------------------------------------------------------

------------------------------------------------------------------------------------
------- Execution Stack: -------
Ref(Ref(int)) a
a = v
()
(5 + )


v = 20
------- Symbol Table: -------
v = (0, int)

------- Out: -------

------- FileTable: -------

------- Heap: -------
------------------------------------------------------------------------------------

------------------------------------------------------------------------------------
------- Execution Stack: -------
Ref(Ref(int)) a
a = v
()
(5 + )


v = 20
------- Symbol Table: -------
v = (0, int)

------- Out: -------

------- FileTable: -------

------- Heap: -------
------------------------------------------------------------------------------------

------------------------------------------------------------------------------------
------- Execution Stack: -------
Ref(Ref(int)) a
a = v
()
(5 + )



------- Symbol Table: -------
v = (1, int)

------- Out: -------

------- FileTable: -------

------- Heap: -------
1 = 20
------------------------------------------------------------------------------------

------------------------------------------------------------------------------------
------- Execution Stack: -------
Ref(Ref(int)) a
a = v
()
(5 + )



------- Symbol Table: -------
v = (1, int)

------- Out: -------

------- FileTable: -------

------- Heap: -------
1 = 20
------------------------------------------------------------------------------------

------------------------------------------------------------------------------------
------- Execution Stack: -------
a = v
()
(5 + )

Ref(Ref(int)) a
------- Symbol Table: -------
v = (1, int)

------- Out: -------

------- FileTable: -------

------- Heap: -------
1 = 20
------------------------------------------------------------------------------------

------------------------------------------------------------------------------------
------- Execution Stack: -------
a = v
()
(5 + )

Ref(Ref(int)) a
------- Symbol Table: -------
v = (1, int)

------- Out: -------

------- FileTable: -------

------- Heap: -------
1 = 20
------------------------------------------------------------------------------------

------------------------------------------------------------------------------------
------- Execution Stack: -------
a = v
()
(5 + )


------- Symbol Table: -------
a = (0, Ref(int))
v = (1, int)

------- Out: -------

------- FileTable: -------

------- Heap: -------
1 = 20
------------------------------------------------------------------------------------

------------------------------------------------------------------------------------
------- Execution Stack: -------
a = v
()
(5 + )


------- Symbol Table: -------
a = (0, Ref(int))
v = (1, int)

------- Out: -------

------- FileTable: -------

------- Heap: -------
1 = 20
------------------------------------------------------------------------------------

------------------------------------------------------------------------------------
------- Execution Stack: -------
()
(5 + )
a = v
------- Symbol Table: -------
a = (0, Ref(int))
v = (1, int)

------- Out: -------

------- FileTable: -------

------- Heap: -------
1 = 20
------------------------------------------------------------------------------------

------------------------------------------------------------------------------------
------- Execution Stack: -------
()
(5 + )
a = v
------- Symbol Table: -------
a = (0, Ref(int))
v = (1, int)

------- Out: -------

------- FileTable: -------

------- Heap: -------
1 = 20
------------------------------------------------------------------------------------

------------------------------------------------------------------------------------
------- Execution Stack: -------
()
(5 + )

------- Symbol Table: -------
a = (2, Ref(int))
v = (1, int)

------- Out: -------

------- FileTable: -------

------- Heap: -------
1 = 20
2 = (1, int)
------------------------------------------------------------------------------------

------------------------------------------------------------------------------------
------- Execution Stack: -------
()
(5 + )

------- Symbol Table: -------
a = (2, Ref(int))
v = (1, int)

------- Out: -------

------- FileTable: -------

------- Heap: -------
1 = 20
2 = (1, int)
------------------------------------------------------------------------------------

------------------------------------------------------------------------------------
------- Execution Stack: -------
(5 + )()
------- Symbol Table: -------
a = (2, Ref(int))
v = (1, int)

------- Out: -------

------- FileTable: -------

------- Heap: -------
1 = 20
2 = (1, int)
------------------------------------------------------------------------------------

------------------------------------------------------------------------------------
------- Execution Stack: -------
(5 + )()
------- Symbol Table: -------
a = (2, Ref(int))
v = (1, int)

------- Out: -------

------- FileTable: -------

------- Heap: -------
1 = 20
2 = (1, int)
------------------------------------------------------------------------------------

------------------------------------------------------------------------------------
------- Execution Stack: -------
(5 + )
------- Symbol Table: -------
a = (2, Ref(int))
v = (1, int)

------- Out: -------
20 
------- FileTable: -------

------- Heap: -------
1 = 20
2 = (1, int)
------------------------------------------------------------------------------------

------------------------------------------------------------------------------------
------- Execution Stack: -------
(5 + )
------- Symbol Table: -------
a = (2, Ref(int))
v = (1, int)

------- Out: -------
20 
------- FileTable: -------

------- Heap: -------
1 = 20
2 = (1, int)
------------------------------------------------------------------------------------

------------------------------------------------------------------------------------
------- Execution Stack: -------

------- Symbol Table: -------
a = (2, Ref(int))
v = (1, int)

------- Out: -------
20 25 
------- FileTable: -------

------- Heap: -------
1 = 20
2 = (1, int)
------------------------------------------------------------------------------------

------------------------------------------------------------------------------------
------- Execution Stack: -------

------- Symbol Table: -------
a = (2, Ref(int))
v = (1, int)

------- Out: -------
20 25 
------- FileTable: -------

------- Heap: -------
1 = 20
2 = (1, int)
------------------------------------------------------------------------------------

