------------------------------------------------------------------------------------
------- Execution Stack: -------
bool a
int v
a = true
if (a) then (v = 2) else (v = 3)
v)))))

------- Symbol Table: -------

------- Out: -------

------- FileTable: -------
------------------------------------------------------------------------------------

------------------------------------------------------------------------------------
------- Execution Stack: -------
int v
a = true
if (a) then (v = 2) else (v = 3)
v))))
ool a

------- Symbol Table: -------

------- Out: -------

------- FileTable: -------
------------------------------------------------------------------------------------

------------------------------------------------------------------------------------
------- Execution Stack: -------
int v
a = true
if (a) then (v = 2) else (v = 3)
v))))

------- Symbol Table: -------
a = false

------- Out: -------

------- FileTable: -------
------------------------------------------------------------------------------------

------------------------------------------------------------------------------------
------- Execution Stack: -------
a = true
if (a) then (v = 2) else (v = 3)
v)))
nt v

------- Symbol Table: -------
a = false

------- Out: -------

------- FileTable: -------
------------------------------------------------------------------------------------

------------------------------------------------------------------------------------
------- Execution Stack: -------
a = true
if (a) then (v = 2) else (v = 3)
v)))

------- Symbol Table: -------
a = false
v = 0

------- Out: -------

------- FileTable: -------
------------------------------------------------------------------------------------

------------------------------------------------------------------------------------
------- Execution Stack: -------
if (a) then (v = 2) else (v = 3)
v))
 = true

------- Symbol Table: -------
a = false
v = 0

------- Out: -------

------- FileTable: -------
------------------------------------------------------------------------------------

------------------------------------------------------------------------------------
------- Execution Stack: -------
if (a) then (v = 2) else (v = 3)
v))

------- Symbol Table: -------
a = true
v = 0

------- Out: -------

------- FileTable: -------
------------------------------------------------------------------------------------

------------------------------------------------------------------------------------
------- Execution Stack: -------
v)
f (a) then (v = 2) else (v = 3)

------- Symbol Table: -------
a = true
v = 0

------- Out: -------

------- FileTable: -------
------------------------------------------------------------------------------------

------------------------------------------------------------------------------------
------- Execution Stack: -------
v)
 = 2

------- Symbol Table: -------
a = true
v = 0

------- Out: -------

------- FileTable: -------
------------------------------------------------------------------------------------

------------------------------------------------------------------------------------
------- Execution Stack: -------
v)

------- Symbol Table: -------
a = true
v = 2

------- Out: -------

------- FileTable: -------
------------------------------------------------------------------------------------

------------------------------------------------------------------------------------
------- Execution Stack: -------

------- Symbol Table: -------
a = true
v = 2

------- Out: -------
2

------- FileTable: -------
------------------------------------------------------------------------------------

