------------------------------------------------------------------------------------
------- Execution Stack: -------
int a
int b
a = 2 + 3 * 5
b = a + 1
b)))))

------- Symbol Table: -------

------- Out: -------

------- FileTable: -------
------------------------------------------------------------------------------------

------------------------------------------------------------------------------------
------- Execution Stack: -------
int b
a = 2 + 3 * 5
b = a + 1
b))))
nt a

------- Symbol Table: -------

------- Out: -------

------- FileTable: -------
------------------------------------------------------------------------------------

------------------------------------------------------------------------------------
------- Execution Stack: -------
int b
a = 2 + 3 * 5
b = a + 1
b))))

------- Symbol Table: -------
a = 0

------- Out: -------

------- FileTable: -------
------------------------------------------------------------------------------------

------------------------------------------------------------------------------------
------- Execution Stack: -------
a = 2 + 3 * 5
b = a + 1
b)))
nt b

------- Symbol Table: -------
a = 0

------- Out: -------

------- FileTable: -------
------------------------------------------------------------------------------------

------------------------------------------------------------------------------------
------- Execution Stack: -------
a = 2 + 3 * 5
b = a + 1
b)))

------- Symbol Table: -------
a = 0
b = 0

------- Out: -------

------- FileTable: -------
------------------------------------------------------------------------------------

------------------------------------------------------------------------------------
------- Execution Stack: -------
b = a + 1
b))
 = 2 + 3 * 5

------- Symbol Table: -------
a = 0
b = 0

------- Out: -------

------- FileTable: -------
------------------------------------------------------------------------------------

------------------------------------------------------------------------------------
------- Execution Stack: -------
b = a + 1
b))

------- Symbol Table: -------
a = 17
b = 0

------- Out: -------

------- FileTable: -------
------------------------------------------------------------------------------------

------------------------------------------------------------------------------------
------- Execution Stack: -------
b)
 = a + 1

------- Symbol Table: -------
a = 17
b = 0

------- Out: -------

------- FileTable: -------
------------------------------------------------------------------------------------

------------------------------------------------------------------------------------
------- Execution Stack: -------
b)

------- Symbol Table: -------
a = 17
b = 18

------- Out: -------

------- FileTable: -------
------------------------------------------------------------------------------------

------------------------------------------------------------------------------------
------- Execution Stack: -------

------- Symbol Table: -------
a = 17
b = 18

------- Out: -------
18

------- FileTable: -------
------------------------------------------------------------------------------------

