
------------------------------------------------------------------------------------
------- Id: 15 -------

------- Execution Stack: -------
Ref(int) v2
int x
int q
(new v1 20)
(new v2 30)
newLock(x)
fork((fork((lock(x); (wH(v1 rH(v1) - 1); unlock(x)))); (lock(x); (wH(v1 rH(v1) * 10); unlock(x)))))
newLock(q)
fork((fork((lock(q); (wH(v2 rH(v2) + 5); unlock(q)))); (lock(q); (wH(v2 rH(v2) * 10); unlock(q)))))
No operation!
No operation!
No operation!
No operation!
lock(x)
print(rH(v1))
unlock(x)
lock(q)
print(rH(v2))
unlock(q)
Ref(int) v1

------- Symbol Table: -------

------- Heap: -------

------- FileTable: -------

------- Out: -------

------- Lock table: -------


------------------------------------------------------------------------------------
------- Id: 15 -------

------- Execution Stack: -------
Ref(int) v2
int x
int q
(new v1 20)
(new v2 30)
newLock(x)
fork((fork((lock(x); (wH(v1 rH(v1) - 1); unlock(x)))); (lock(x); (wH(v1 rH(v1) * 10); unlock(x)))))
newLock(q)
fork((fork((lock(q); (wH(v2 rH(v2) + 5); unlock(q)))); (lock(q); (wH(v2 rH(v2) * 10); unlock(q)))))
No operation!
No operation!
No operation!
No operation!
lock(x)
print(rH(v1))
unlock(x)
lock(q)
print(rH(v2))
unlock(q)

------- Symbol Table: -------
v1 = (0, int)

------- Heap: -------

------- FileTable: -------

------- Out: -------

------- Lock table: -------


------------------------------------------------------------------------------------
------- Id: 15 -------

------- Execution Stack: -------
int x
int q
(new v1 20)
(new v2 30)
newLock(x)
fork((fork((lock(x); (wH(v1 rH(v1) - 1); unlock(x)))); (lock(x); (wH(v1 rH(v1) * 10); unlock(x)))))
newLock(q)
fork((fork((lock(q); (wH(v2 rH(v2) + 5); unlock(q)))); (lock(q); (wH(v2 rH(v2) * 10); unlock(q)))))
No operation!
No operation!
No operation!
No operation!
lock(x)
print(rH(v1))
unlock(x)
lock(q)
print(rH(v2))
unlock(q)
Ref(int) v2

------- Symbol Table: -------
v1 = (0, int)

------- Heap: -------

------- FileTable: -------

------- Out: -------

------- Lock table: -------


------------------------------------------------------------------------------------
------- Id: 15 -------

------- Execution Stack: -------
int x
int q
(new v1 20)
(new v2 30)
newLock(x)
fork((fork((lock(x); (wH(v1 rH(v1) - 1); unlock(x)))); (lock(x); (wH(v1 rH(v1) * 10); unlock(x)))))
newLock(q)
fork((fork((lock(q); (wH(v2 rH(v2) + 5); unlock(q)))); (lock(q); (wH(v2 rH(v2) * 10); unlock(q)))))
No operation!
No operation!
No operation!
No operation!
lock(x)
print(rH(v1))
unlock(x)
lock(q)
print(rH(v2))
unlock(q)

------- Symbol Table: -------
v1 = (0, int)
v2 = (0, int)

------- Heap: -------

------- FileTable: -------

------- Out: -------

------- Lock table: -------


------------------------------------------------------------------------------------
------- Id: 15 -------

------- Execution Stack: -------
int q
(new v1 20)
(new v2 30)
newLock(x)
fork((fork((lock(x); (wH(v1 rH(v1) - 1); unlock(x)))); (lock(x); (wH(v1 rH(v1) * 10); unlock(x)))))
newLock(q)
fork((fork((lock(q); (wH(v2 rH(v2) + 5); unlock(q)))); (lock(q); (wH(v2 rH(v2) * 10); unlock(q)))))
No operation!
No operation!
No operation!
No operation!
lock(x)
print(rH(v1))
unlock(x)
lock(q)
print(rH(v2))
unlock(q)
int x

------- Symbol Table: -------
v1 = (0, int)
v2 = (0, int)

------- Heap: -------

------- FileTable: -------

------- Out: -------

------- Lock table: -------


------------------------------------------------------------------------------------
------- Id: 15 -------

------- Execution Stack: -------
int q
(new v1 20)
(new v2 30)
newLock(x)
fork((fork((lock(x); (wH(v1 rH(v1) - 1); unlock(x)))); (lock(x); (wH(v1 rH(v1) * 10); unlock(x)))))
newLock(q)
fork((fork((lock(q); (wH(v2 rH(v2) + 5); unlock(q)))); (lock(q); (wH(v2 rH(v2) * 10); unlock(q)))))
No operation!
No operation!
No operation!
No operation!
lock(x)
print(rH(v1))
unlock(x)
lock(q)
print(rH(v2))
unlock(q)

------- Symbol Table: -------
x = 0
v1 = (0, int)
v2 = (0, int)

------- Heap: -------

------- FileTable: -------

------- Out: -------

------- Lock table: -------


------------------------------------------------------------------------------------
------- Id: 15 -------

------- Execution Stack: -------
(new v1 20)
(new v2 30)
newLock(x)
fork((fork((lock(x); (wH(v1 rH(v1) - 1); unlock(x)))); (lock(x); (wH(v1 rH(v1) * 10); unlock(x)))))
newLock(q)
fork((fork((lock(q); (wH(v2 rH(v2) + 5); unlock(q)))); (lock(q); (wH(v2 rH(v2) * 10); unlock(q)))))
No operation!
No operation!
No operation!
No operation!
lock(x)
print(rH(v1))
unlock(x)
lock(q)
print(rH(v2))
unlock(q)
int q

------- Symbol Table: -------
x = 0
v1 = (0, int)
v2 = (0, int)

------- Heap: -------

------- FileTable: -------

------- Out: -------

------- Lock table: -------


------------------------------------------------------------------------------------
------- Id: 15 -------

------- Execution Stack: -------
(new v1 20)
(new v2 30)
newLock(x)
fork((fork((lock(x); (wH(v1 rH(v1) - 1); unlock(x)))); (lock(x); (wH(v1 rH(v1) * 10); unlock(x)))))
newLock(q)
fork((fork((lock(q); (wH(v2 rH(v2) + 5); unlock(q)))); (lock(q); (wH(v2 rH(v2) * 10); unlock(q)))))
No operation!
No operation!
No operation!
No operation!
lock(x)
print(rH(v1))
unlock(x)
lock(q)
print(rH(v2))
unlock(q)

------- Symbol Table: -------
q = 0
x = 0
v1 = (0, int)
v2 = (0, int)

------- Heap: -------

------- FileTable: -------

------- Out: -------

------- Lock table: -------


------------------------------------------------------------------------------------
------- Id: 15 -------

------- Execution Stack: -------
(new v2 30)
newLock(x)
fork((fork((lock(x); (wH(v1 rH(v1) - 1); unlock(x)))); (lock(x); (wH(v1 rH(v1) * 10); unlock(x)))))
newLock(q)
fork((fork((lock(q); (wH(v2 rH(v2) + 5); unlock(q)))); (lock(q); (wH(v2 rH(v2) * 10); unlock(q)))))
No operation!
No operation!
No operation!
No operation!
lock(x)
print(rH(v1))
unlock(x)
lock(q)
print(rH(v2))
unlock(q)
(new v1 20)

------- Symbol Table: -------
q = 0
x = 0
v1 = (0, int)
v2 = (0, int)

------- Heap: -------

------- FileTable: -------

------- Out: -------

------- Lock table: -------


------------------------------------------------------------------------------------
------- Id: 15 -------

------- Execution Stack: -------
(new v2 30)
newLock(x)
fork((fork((lock(x); (wH(v1 rH(v1) - 1); unlock(x)))); (lock(x); (wH(v1 rH(v1) * 10); unlock(x)))))
newLock(q)
fork((fork((lock(q); (wH(v2 rH(v2) + 5); unlock(q)))); (lock(q); (wH(v2 rH(v2) * 10); unlock(q)))))
No operation!
No operation!
No operation!
No operation!
lock(x)
print(rH(v1))
unlock(x)
lock(q)
print(rH(v2))
unlock(q)

------- Symbol Table: -------
q = 0
x = 0
v1 = (1, int)
v2 = (0, int)

------- Heap: -------
1 = 20

------- FileTable: -------

------- Out: -------

------- Lock table: -------


------------------------------------------------------------------------------------
------- Id: 15 -------

------- Execution Stack: -------
newLock(x)
fork((fork((lock(x); (wH(v1 rH(v1) - 1); unlock(x)))); (lock(x); (wH(v1 rH(v1) * 10); unlock(x)))))
newLock(q)
fork((fork((lock(q); (wH(v2 rH(v2) + 5); unlock(q)))); (lock(q); (wH(v2 rH(v2) * 10); unlock(q)))))
No operation!
No operation!
No operation!
No operation!
lock(x)
print(rH(v1))
unlock(x)
lock(q)
print(rH(v2))
unlock(q)
(new v2 30)

------- Symbol Table: -------
q = 0
x = 0
v1 = (1, int)
v2 = (0, int)

------- Heap: -------
1 = 20

------- FileTable: -------

------- Out: -------

------- Lock table: -------


------------------------------------------------------------------------------------
------- Id: 15 -------

------- Execution Stack: -------
newLock(x)
fork((fork((lock(x); (wH(v1 rH(v1) - 1); unlock(x)))); (lock(x); (wH(v1 rH(v1) * 10); unlock(x)))))
newLock(q)
fork((fork((lock(q); (wH(v2 rH(v2) + 5); unlock(q)))); (lock(q); (wH(v2 rH(v2) * 10); unlock(q)))))
No operation!
No operation!
No operation!
No operation!
lock(x)
print(rH(v1))
unlock(x)
lock(q)
print(rH(v2))
unlock(q)

------- Symbol Table: -------
q = 0
x = 0
v1 = (1, int)
v2 = (2, int)

------- Heap: -------
1 = 20
2 = 30

------- FileTable: -------

------- Out: -------

------- Lock table: -------


------------------------------------------------------------------------------------
------- Id: 15 -------

------- Execution Stack: -------
fork((fork((lock(x); (wH(v1 rH(v1) - 1); unlock(x)))); (lock(x); (wH(v1 rH(v1) * 10); unlock(x)))))
newLock(q)
fork((fork((lock(q); (wH(v2 rH(v2) + 5); unlock(q)))); (lock(q); (wH(v2 rH(v2) * 10); unlock(q)))))
No operation!
No operation!
No operation!
No operation!
lock(x)
print(rH(v1))
unlock(x)
lock(q)
print(rH(v2))
unlock(q)
newLock(x)

------- Symbol Table: -------
q = 0
x = 0
v1 = (1, int)
v2 = (2, int)

------- Heap: -------
1 = 20
2 = 30

------- FileTable: -------

------- Out: -------

------- Lock table: -------


------------------------------------------------------------------------------------
------- Id: 15 -------

------- Execution Stack: -------
fork((fork((lock(x); (wH(v1 rH(v1) - 1); unlock(x)))); (lock(x); (wH(v1 rH(v1) * 10); unlock(x)))))
newLock(q)
fork((fork((lock(q); (wH(v2 rH(v2) + 5); unlock(q)))); (lock(q); (wH(v2 rH(v2) * 10); unlock(q)))))
No operation!
No operation!
No operation!
No operation!
lock(x)
print(rH(v1))
unlock(x)
lock(q)
print(rH(v2))
unlock(q)

------- Symbol Table: -------
q = 0
x = 1
v1 = (1, int)
v2 = (2, int)

------- Heap: -------
1 = 20
2 = 30

------- FileTable: -------

------- Out: -------

------- Lock table: -------
1 = -1


------------------------------------------------------------------------------------
------- Id: 15 -------

------- Execution Stack: -------
newLock(q)
fork((fork((lock(q); (wH(v2 rH(v2) + 5); unlock(q)))); (lock(q); (wH(v2 rH(v2) * 10); unlock(q)))))
No operation!
No operation!
No operation!
No operation!
lock(x)
print(rH(v1))
unlock(x)
lock(q)
print(rH(v2))
unlock(q)
fork((fork((lock(x); (wH(v1 rH(v1) - 1); unlock(x)))); (lock(x); (wH(v1 rH(v1) * 10); unlock(x)))))

------- Symbol Table: -------
q = 0
x = 1
v1 = (1, int)
v2 = (2, int)

------- Heap: -------
1 = 20
2 = 30

------- FileTable: -------

------- Out: -------

------- Lock table: -------
1 = -1


------------------------------------------------------------------------------------
------- Id: 15 -------

------- Execution Stack: -------
newLock(q)
fork((fork((lock(q); (wH(v2 rH(v2) + 5); unlock(q)))); (lock(q); (wH(v2 rH(v2) * 10); unlock(q)))))
No operation!
No operation!
No operation!
No operation!
lock(x)
print(rH(v1))
unlock(x)
lock(q)
print(rH(v2))
unlock(q)

------- Symbol Table: -------
q = 0
x = 1
v1 = (1, int)
v2 = (2, int)

------- Heap: -------
1 = 20
2 = 30

------- FileTable: -------

------- Out: -------

------- Lock table: -------
1 = -1


------------------------------------------------------------------------------------
------- Id: 16 -------

------- Execution Stack: -------
fork((lock(x); (wH(v1 rH(v1) - 1); unlock(x))))
lock(x)
wH(v1 rH(v1) * 10)
unlock(x)

------- Symbol Table: -------
q = 0
x = 1
v1 = (1, int)
v2 = (2, int)

------- Heap: -------
1 = 20
2 = 30

------- FileTable: -------

------- Out: -------

------- Lock table: -------
1 = -1


------------------------------------------------------------------------------------
------- Id: 15 -------

------- Execution Stack: -------
fork((fork((lock(q); (wH(v2 rH(v2) + 5); unlock(q)))); (lock(q); (wH(v2 rH(v2) * 10); unlock(q)))))
No operation!
No operation!
No operation!
No operation!
lock(x)
print(rH(v1))
unlock(x)
lock(q)
print(rH(v2))
unlock(q)
newLock(q)

------- Symbol Table: -------
q = 0
x = 1
v1 = (1, int)
v2 = (2, int)

------- Heap: -------
1 = 20
2 = 30

------- FileTable: -------

------- Out: -------

------- Lock table: -------
1 = -1


------------------------------------------------------------------------------------
------- Id: 16 -------

------- Execution Stack: -------
lock(x)
wH(v1 rH(v1) * 10)
unlock(x)
fork((lock(x); (wH(v1 rH(v1) - 1); unlock(x))))

------- Symbol Table: -------
q = 0
x = 1
v1 = (1, int)
v2 = (2, int)

------- Heap: -------
1 = 20
2 = 30

------- FileTable: -------

------- Out: -------

------- Lock table: -------
1 = -1


------------------------------------------------------------------------------------
------- Id: 15 -------

------- Execution Stack: -------
fork((fork((lock(q); (wH(v2 rH(v2) + 5); unlock(q)))); (lock(q); (wH(v2 rH(v2) * 10); unlock(q)))))
No operation!
No operation!
No operation!
No operation!
lock(x)
print(rH(v1))
unlock(x)
lock(q)
print(rH(v2))
unlock(q)

------- Symbol Table: -------
q = 2
x = 1
v1 = (1, int)
v2 = (2, int)

------- Heap: -------
1 = 20
2 = 30

------- FileTable: -------

------- Out: -------

------- Lock table: -------
1 = -1
2 = -1


------------------------------------------------------------------------------------
------- Id: 16 -------

------- Execution Stack: -------
lock(x)
wH(v1 rH(v1) * 10)
unlock(x)

------- Symbol Table: -------
q = 0
x = 1
v1 = (1, int)
v2 = (2, int)

------- Heap: -------
1 = 20
2 = 30

------- FileTable: -------

------- Out: -------

------- Lock table: -------
1 = -1
2 = -1


------------------------------------------------------------------------------------
------- Id: 17 -------

------- Execution Stack: -------
lock(x)
wH(v1 rH(v1) - 1)
unlock(x)

------- Symbol Table: -------
q = 0
x = 1
v1 = (1, int)
v2 = (2, int)

------- Heap: -------
1 = 20
2 = 30

------- FileTable: -------

------- Out: -------

------- Lock table: -------
1 = -1
2 = -1


------------------------------------------------------------------------------------
------- Id: 15 -------

------- Execution Stack: -------
No operation!
No operation!
No operation!
No operation!
lock(x)
print(rH(v1))
unlock(x)
lock(q)
print(rH(v2))
unlock(q)
fork((fork((lock(q); (wH(v2 rH(v2) + 5); unlock(q)))); (lock(q); (wH(v2 rH(v2) * 10); unlock(q)))))

------- Symbol Table: -------
q = 2
x = 1
v1 = (1, int)
v2 = (2, int)

------- Heap: -------
1 = 20
2 = 30

------- FileTable: -------

------- Out: -------

------- Lock table: -------
1 = -1
2 = -1


------------------------------------------------------------------------------------
------- Id: 16 -------

------- Execution Stack: -------
wH(v1 rH(v1) * 10)
unlock(x)
lock(x)

------- Symbol Table: -------
q = 0
x = 1
v1 = (1, int)
v2 = (2, int)

------- Heap: -------
1 = 20
2 = 30

------- FileTable: -------

------- Out: -------

------- Lock table: -------
1 = -1
2 = -1


------------------------------------------------------------------------------------
------- Id: 17 -------

------- Execution Stack: -------
wH(v1 rH(v1) - 1)
unlock(x)
lock(x)

------- Symbol Table: -------
q = 0
x = 1
v1 = (1, int)
v2 = (2, int)

------- Heap: -------
1 = 20
2 = 30

------- FileTable: -------

------- Out: -------

------- Lock table: -------
1 = -1
2 = -1


------------------------------------------------------------------------------------
------- Id: 15 -------

------- Execution Stack: -------
No operation!
No operation!
No operation!
No operation!
lock(x)
print(rH(v1))
unlock(x)
lock(q)
print(rH(v2))
unlock(q)

------- Symbol Table: -------
q = 2
x = 1
v1 = (1, int)
v2 = (2, int)

------- Heap: -------
1 = 20
2 = 30

------- FileTable: -------

------- Out: -------

------- Lock table: -------
1 = 16
2 = -1


------------------------------------------------------------------------------------
------- Id: 16 -------

------- Execution Stack: -------
wH(v1 rH(v1) * 10)
unlock(x)

------- Symbol Table: -------
q = 0
x = 1
v1 = (1, int)
v2 = (2, int)

------- Heap: -------
1 = 20
2 = 30

------- FileTable: -------

------- Out: -------

------- Lock table: -------
1 = 16
2 = -1


------------------------------------------------------------------------------------
------- Id: 17 -------

------- Execution Stack: -------
wH(v1 rH(v1) - 1)
unlock(x)
lock(x)

------- Symbol Table: -------
q = 0
x = 1
v1 = (1, int)
v2 = (2, int)

------- Heap: -------
1 = 20
2 = 30

------- FileTable: -------

------- Out: -------

------- Lock table: -------
1 = 16
2 = -1


------------------------------------------------------------------------------------
------- Id: 18 -------

------- Execution Stack: -------
fork((lock(q); (wH(v2 rH(v2) + 5); unlock(q))))
lock(q)
wH(v2 rH(v2) * 10)
unlock(q)

------- Symbol Table: -------
q = 2
x = 1
v1 = (1, int)
v2 = (2, int)

------- Heap: -------
1 = 20
2 = 30

------- FileTable: -------

------- Out: -------

------- Lock table: -------
1 = 16
2 = -1


------------------------------------------------------------------------------------
------- Id: 15 -------

------- Execution Stack: -------
No operation!
No operation!
No operation!
lock(x)
print(rH(v1))
unlock(x)
lock(q)
print(rH(v2))
unlock(q)
No operation!

------- Symbol Table: -------
q = 2
x = 1
v1 = (1, int)
v2 = (2, int)

------- Heap: -------
1 = 20
2 = 30

------- FileTable: -------

------- Out: -------

------- Lock table: -------
1 = 16
2 = -1


------------------------------------------------------------------------------------
------- Id: 16 -------

------- Execution Stack: -------
unlock(x)
wH(v1 rH(v1) * 10)

------- Symbol Table: -------
q = 0
x = 1
v1 = (1, int)
v2 = (2, int)

------- Heap: -------
1 = 20
2 = 30

------- FileTable: -------

------- Out: -------

------- Lock table: -------
1 = 16
2 = -1


------------------------------------------------------------------------------------
------- Id: 17 -------

------- Execution Stack: -------
wH(v1 rH(v1) - 1)
unlock(x)
lock(x)

------- Symbol Table: -------
q = 0
x = 1
v1 = (1, int)
v2 = (2, int)

------- Heap: -------
1 = 20
2 = 30

------- FileTable: -------

------- Out: -------

------- Lock table: -------
1 = 16
2 = -1


------------------------------------------------------------------------------------
------- Id: 18 -------

------- Execution Stack: -------
lock(q)
wH(v2 rH(v2) * 10)
unlock(q)
fork((lock(q); (wH(v2 rH(v2) + 5); unlock(q))))

------- Symbol Table: -------
q = 2
x = 1
v1 = (1, int)
v2 = (2, int)

------- Heap: -------
1 = 20
2 = 30

------- FileTable: -------

------- Out: -------

------- Lock table: -------
1 = 16
2 = -1


------------------------------------------------------------------------------------
------- Id: 15 -------

------- Execution Stack: -------
No operation!
No operation!
No operation!
lock(x)
print(rH(v1))
unlock(x)
lock(q)
print(rH(v2))
unlock(q)

------- Symbol Table: -------
q = 2
x = 1
v1 = (1, int)
v2 = (2, int)

------- Heap: -------
1 = 200
2 = 30

------- FileTable: -------

------- Out: -------

------- Lock table: -------
1 = 16
2 = -1


------------------------------------------------------------------------------------
------- Id: 16 -------

------- Execution Stack: -------
unlock(x)

------- Symbol Table: -------
q = 0
x = 1
v1 = (1, int)
v2 = (2, int)

------- Heap: -------
1 = 200
2 = 30

------- FileTable: -------

------- Out: -------

------- Lock table: -------
1 = 16
2 = -1


------------------------------------------------------------------------------------
------- Id: 17 -------

------- Execution Stack: -------
wH(v1 rH(v1) - 1)
unlock(x)
lock(x)

------- Symbol Table: -------
q = 0
x = 1
v1 = (1, int)
v2 = (2, int)

------- Heap: -------
1 = 200
2 = 30

------- FileTable: -------

------- Out: -------

------- Lock table: -------
1 = 16
2 = -1


------------------------------------------------------------------------------------
------- Id: 18 -------

------- Execution Stack: -------
lock(q)
wH(v2 rH(v2) * 10)
unlock(q)

------- Symbol Table: -------
q = 2
x = 1
v1 = (1, int)
v2 = (2, int)

------- Heap: -------
1 = 200
2 = 30

------- FileTable: -------

------- Out: -------

------- Lock table: -------
1 = 16
2 = -1


------------------------------------------------------------------------------------
------- Id: 19 -------

------- Execution Stack: -------
lock(q)
wH(v2 rH(v2) + 5)
unlock(q)

------- Symbol Table: -------
q = 2
x = 1
v1 = (1, int)
v2 = (2, int)

------- Heap: -------
1 = 200
2 = 30

------- FileTable: -------

------- Out: -------

------- Lock table: -------
1 = 16
2 = -1


------------------------------------------------------------------------------------
------- Id: 15 -------

------- Execution Stack: -------
No operation!
No operation!
lock(x)
print(rH(v1))
unlock(x)
lock(q)
print(rH(v2))
unlock(q)
No operation!

------- Symbol Table: -------
q = 2
x = 1
v1 = (1, int)
v2 = (2, int)

------- Heap: -------
1 = 200
2 = 30

------- FileTable: -------

------- Out: -------

------- Lock table: -------
1 = -1
2 = -1


------------------------------------------------------------------------------------
------- Id: 16 -------

------- Execution Stack: -------

------- Symbol Table: -------
q = 0
x = 1
v1 = (1, int)
v2 = (2, int)

------- Heap: -------
1 = 200
2 = 30

------- FileTable: -------

------- Out: -------

------- Lock table: -------
1 = -1
2 = -1


------------------------------------------------------------------------------------
------- Id: 17 -------

------- Execution Stack: -------
wH(v1 rH(v1) - 1)
unlock(x)
lock(x)

------- Symbol Table: -------
q = 0
x = 1
v1 = (1, int)
v2 = (2, int)

------- Heap: -------
1 = 200
2 = 30

------- FileTable: -------

------- Out: -------

------- Lock table: -------
1 = -1
2 = -1


------------------------------------------------------------------------------------
------- Id: 18 -------

------- Execution Stack: -------
wH(v2 rH(v2) * 10)
unlock(q)
lock(q)

------- Symbol Table: -------
q = 2
x = 1
v1 = (1, int)
v2 = (2, int)

------- Heap: -------
1 = 200
2 = 30

------- FileTable: -------

------- Out: -------

------- Lock table: -------
1 = -1
2 = -1


------------------------------------------------------------------------------------
------- Id: 19 -------

------- Execution Stack: -------
wH(v2 rH(v2) + 5)
unlock(q)
lock(q)

------- Symbol Table: -------
q = 2
x = 1
v1 = (1, int)
v2 = (2, int)

------- Heap: -------
1 = 200
2 = 30

------- FileTable: -------

------- Out: -------

------- Lock table: -------
1 = -1
2 = -1


------------------------------------------------------------------------------------
------- Id: 15 -------

------- Execution Stack: -------
No operation!
No operation!
lock(x)
print(rH(v1))
unlock(x)
lock(q)
print(rH(v2))
unlock(q)

------- Symbol Table: -------
q = 2
x = 1
v1 = (1, int)
v2 = (2, int)

------- Heap: -------
1 = 200
2 = 30

------- FileTable: -------

------- Out: -------

------- Lock table: -------
1 = 17
2 = 18


------------------------------------------------------------------------------------
------- Id: 17 -------

------- Execution Stack: -------
wH(v1 rH(v1) - 1)
unlock(x)

------- Symbol Table: -------
q = 0
x = 1
v1 = (1, int)
v2 = (2, int)

------- Heap: -------
1 = 200
2 = 30

------- FileTable: -------

------- Out: -------

------- Lock table: -------
1 = 17
2 = 18


------------------------------------------------------------------------------------
------- Id: 18 -------

------- Execution Stack: -------
wH(v2 rH(v2) * 10)
unlock(q)

------- Symbol Table: -------
q = 2
x = 1
v1 = (1, int)
v2 = (2, int)

------- Heap: -------
1 = 200
2 = 30

------- FileTable: -------

------- Out: -------

------- Lock table: -------
1 = 17
2 = 18


------------------------------------------------------------------------------------
------- Id: 19 -------

------- Execution Stack: -------
wH(v2 rH(v2) + 5)
unlock(q)
lock(q)

------- Symbol Table: -------
q = 2
x = 1
v1 = (1, int)
v2 = (2, int)

------- Heap: -------
1 = 200
2 = 30

------- FileTable: -------

------- Out: -------

------- Lock table: -------
1 = 17
2 = 18


------------------------------------------------------------------------------------
------- Id: 15 -------

------- Execution Stack: -------
No operation!
lock(x)
print(rH(v1))
unlock(x)
lock(q)
print(rH(v2))
unlock(q)
No operation!

------- Symbol Table: -------
q = 2
x = 1
v1 = (1, int)
v2 = (2, int)

------- Heap: -------
1 = 200
2 = 30

------- FileTable: -------

------- Out: -------

------- Lock table: -------
1 = 17
2 = 18


------------------------------------------------------------------------------------
------- Id: 17 -------

------- Execution Stack: -------
unlock(x)
wH(v1 rH(v1) - 1)

------- Symbol Table: -------
q = 0
x = 1
v1 = (1, int)
v2 = (2, int)

------- Heap: -------
1 = 200
2 = 30

------- FileTable: -------

------- Out: -------

------- Lock table: -------
1 = 17
2 = 18


------------------------------------------------------------------------------------
------- Id: 18 -------

------- Execution Stack: -------
unlock(q)
wH(v2 rH(v2) * 10)

------- Symbol Table: -------
q = 2
x = 1
v1 = (1, int)
v2 = (2, int)

------- Heap: -------
1 = 200
2 = 30

------- FileTable: -------

------- Out: -------

------- Lock table: -------
1 = 17
2 = 18


------------------------------------------------------------------------------------
------- Id: 19 -------

------- Execution Stack: -------
wH(v2 rH(v2) + 5)
unlock(q)
lock(q)

------- Symbol Table: -------
q = 2
x = 1
v1 = (1, int)
v2 = (2, int)

------- Heap: -------
1 = 200
2 = 30

------- FileTable: -------

------- Out: -------

------- Lock table: -------
1 = 17
2 = 18


------------------------------------------------------------------------------------
------- Id: 15 -------

------- Execution Stack: -------
No operation!
lock(x)
print(rH(v1))
unlock(x)
lock(q)
print(rH(v2))
unlock(q)

------- Symbol Table: -------
q = 2
x = 1
v1 = (1, int)
v2 = (2, int)

------- Heap: -------
1 = 199
2 = 300

------- FileTable: -------

------- Out: -------

------- Lock table: -------
1 = 17
2 = 18


------------------------------------------------------------------------------------
------- Id: 17 -------

------- Execution Stack: -------
unlock(x)

------- Symbol Table: -------
q = 0
x = 1
v1 = (1, int)
v2 = (2, int)

------- Heap: -------
1 = 199
2 = 300

------- FileTable: -------

------- Out: -------

------- Lock table: -------
1 = 17
2 = 18


------------------------------------------------------------------------------------
------- Id: 18 -------

------- Execution Stack: -------
unlock(q)

------- Symbol Table: -------
q = 2
x = 1
v1 = (1, int)
v2 = (2, int)

------- Heap: -------
1 = 199
2 = 300

------- FileTable: -------

------- Out: -------

------- Lock table: -------
1 = 17
2 = 18


------------------------------------------------------------------------------------
------- Id: 19 -------

------- Execution Stack: -------
wH(v2 rH(v2) + 5)
unlock(q)
lock(q)

------- Symbol Table: -------
q = 2
x = 1
v1 = (1, int)
v2 = (2, int)

------- Heap: -------
1 = 199
2 = 300

------- FileTable: -------

------- Out: -------

------- Lock table: -------
1 = 17
2 = 18


------------------------------------------------------------------------------------
------- Id: 15 -------

------- Execution Stack: -------
lock(x)
print(rH(v1))
unlock(x)
lock(q)
print(rH(v2))
unlock(q)
No operation!

------- Symbol Table: -------
q = 2
x = 1
v1 = (1, int)
v2 = (2, int)

------- Heap: -------
1 = 199
2 = 300

------- FileTable: -------

------- Out: -------

------- Lock table: -------
1 = -1
2 = 19


------------------------------------------------------------------------------------
------- Id: 17 -------

------- Execution Stack: -------

------- Symbol Table: -------
q = 0
x = 1
v1 = (1, int)
v2 = (2, int)

------- Heap: -------
1 = 199
2 = 300

------- FileTable: -------

------- Out: -------

------- Lock table: -------
1 = -1
2 = 19


------------------------------------------------------------------------------------
------- Id: 18 -------

------- Execution Stack: -------

------- Symbol Table: -------
q = 2
x = 1
v1 = (1, int)
v2 = (2, int)

------- Heap: -------
1 = 199
2 = 300

------- FileTable: -------

------- Out: -------

------- Lock table: -------
1 = -1
2 = 19


------------------------------------------------------------------------------------
------- Id: 19 -------

------- Execution Stack: -------
wH(v2 rH(v2) + 5)
unlock(q)

------- Symbol Table: -------
q = 2
x = 1
v1 = (1, int)
v2 = (2, int)

------- Heap: -------
1 = 199
2 = 300

------- FileTable: -------

------- Out: -------

------- Lock table: -------
1 = -1
2 = 19


------------------------------------------------------------------------------------
------- Id: 15 -------

------- Execution Stack: -------
lock(x)
print(rH(v1))
unlock(x)
lock(q)
print(rH(v2))
unlock(q)

------- Symbol Table: -------
q = 2
x = 1
v1 = (1, int)
v2 = (2, int)

------- Heap: -------
1 = 199
2 = 300

------- FileTable: -------

------- Out: -------

------- Lock table: -------
1 = -1
2 = 19


------------------------------------------------------------------------------------
------- Id: 19 -------

------- Execution Stack: -------
unlock(q)
wH(v2 rH(v2) + 5)

------- Symbol Table: -------
q = 2
x = 1
v1 = (1, int)
v2 = (2, int)

------- Heap: -------
1 = 199
2 = 300

------- FileTable: -------

------- Out: -------

------- Lock table: -------
1 = -1
2 = 19


------------------------------------------------------------------------------------
------- Id: 15 -------

------- Execution Stack: -------
print(rH(v1))
unlock(x)
lock(q)
print(rH(v2))
unlock(q)
lock(x)

------- Symbol Table: -------
q = 2
x = 1
v1 = (1, int)
v2 = (2, int)

------- Heap: -------
1 = 199
2 = 305

------- FileTable: -------

------- Out: -------

------- Lock table: -------
1 = -1
2 = 19


------------------------------------------------------------------------------------
------- Id: 19 -------

------- Execution Stack: -------
unlock(q)

------- Symbol Table: -------
q = 2
x = 1
v1 = (1, int)
v2 = (2, int)

------- Heap: -------
1 = 199
2 = 305

------- FileTable: -------

------- Out: -------

------- Lock table: -------
1 = -1
2 = 19


------------------------------------------------------------------------------------
------- Id: 15 -------

------- Execution Stack: -------
print(rH(v1))
unlock(x)
lock(q)
print(rH(v2))
unlock(q)

------- Symbol Table: -------
q = 2
x = 1
v1 = (1, int)
v2 = (2, int)

------- Heap: -------
1 = 199
2 = 305

------- FileTable: -------

------- Out: -------

------- Lock table: -------
1 = 15
2 = -1


------------------------------------------------------------------------------------
------- Id: 19 -------

------- Execution Stack: -------

------- Symbol Table: -------
q = 2
x = 1
v1 = (1, int)
v2 = (2, int)

------- Heap: -------
1 = 199
2 = 305

------- FileTable: -------

------- Out: -------

------- Lock table: -------
1 = 15
2 = -1


------------------------------------------------------------------------------------
------- Id: 15 -------

------- Execution Stack: -------
unlock(x)
lock(q)
print(rH(v2))
unlock(q)
print(rH(v1))

------- Symbol Table: -------
q = 2
x = 1
v1 = (1, int)
v2 = (2, int)

------- Heap: -------
1 = 199
2 = 305

------- FileTable: -------

------- Out: -------

------- Lock table: -------
1 = 15
2 = -1


------------------------------------------------------------------------------------
------- Id: 15 -------

------- Execution Stack: -------
unlock(x)
lock(q)
print(rH(v2))
unlock(q)

------- Symbol Table: -------
q = 2
x = 1
v1 = (1, int)
v2 = (2, int)

------- Heap: -------
1 = 199
2 = 305

------- FileTable: -------

------- Out: -------
199 
------- Lock table: -------
1 = 15
2 = -1


------------------------------------------------------------------------------------
------- Id: 15 -------

------- Execution Stack: -------
lock(q)
print(rH(v2))
unlock(q)
unlock(x)

------- Symbol Table: -------
q = 2
x = 1
v1 = (1, int)
v2 = (2, int)

------- Heap: -------
1 = 199
2 = 305

------- FileTable: -------

------- Out: -------
199 
------- Lock table: -------
1 = 15
2 = -1


------------------------------------------------------------------------------------
------- Id: 15 -------

------- Execution Stack: -------
lock(q)
print(rH(v2))
unlock(q)

------- Symbol Table: -------
q = 2
x = 1
v1 = (1, int)
v2 = (2, int)

------- Heap: -------
1 = 199
2 = 305

------- FileTable: -------

------- Out: -------
199 
------- Lock table: -------
1 = -1
2 = -1


------------------------------------------------------------------------------------
------- Id: 15 -------

------- Execution Stack: -------
print(rH(v2))
unlock(q)
lock(q)

------- Symbol Table: -------
q = 2
x = 1
v1 = (1, int)
v2 = (2, int)

------- Heap: -------
1 = 199
2 = 305

------- FileTable: -------

------- Out: -------
199 
------- Lock table: -------
1 = -1
2 = -1


------------------------------------------------------------------------------------
------- Id: 15 -------

------- Execution Stack: -------
print(rH(v2))
unlock(q)

------- Symbol Table: -------
q = 2
x = 1
v1 = (1, int)
v2 = (2, int)

------- Heap: -------
1 = 199
2 = 305

------- FileTable: -------

------- Out: -------
199 
------- Lock table: -------
1 = -1
2 = 15


------------------------------------------------------------------------------------
------- Id: 15 -------

------- Execution Stack: -------
unlock(q)
print(rH(v2))

------- Symbol Table: -------
q = 2
x = 1
v1 = (1, int)
v2 = (2, int)

------- Heap: -------
1 = 199
2 = 305

------- FileTable: -------

------- Out: -------
199 
------- Lock table: -------
1 = -1
2 = 15


------------------------------------------------------------------------------------
------- Id: 15 -------

------- Execution Stack: -------
unlock(q)

------- Symbol Table: -------
q = 2
x = 1
v1 = (1, int)
v2 = (2, int)

------- Heap: -------
1 = 199
2 = 305

------- FileTable: -------

------- Out: -------
199 305 
------- Lock table: -------
1 = -1
2 = 15


------------------------------------------------------------------------------------
------- Id: 15 -------

------- Execution Stack: -------

------- Symbol Table: -------
q = 2
x = 1
v1 = (1, int)
v2 = (2, int)

------- Heap: -------
1 = 199
2 = 305

------- FileTable: -------

------- Out: -------
199 305 
------- Lock table: -------
1 = -1
2 = -1

