
------------------------------------------------------------------------------------
------- Id: 15 -------

------- Execution Stack: -------
int cnt
(new v1 2)
semaphore(cnt, rH(v1), 1)
fork((acquire(cnt); (wH(v1 rH(v1) * 10); (print(rH(v1)); release(cnt)))))
fork((acquire(cnt); (wH(v1 rH(v1) * 10); (wH(v1 rH(v1) * 2); (print(rH(v1)); release(cnt))))))
acquire(cnt)
print(rH(v1) - 1)
release(cnt)
Ref(int) v1

------- Symbol Table: -------

------- Out: -------

------- FileTable: -------

------- Heap: -------


------------------------------------------------------------------------------------
------- Id: 15 -------

------- Execution Stack: -------
int cnt
(new v1 2)
semaphore(cnt, rH(v1), 1)
fork((acquire(cnt); (wH(v1 rH(v1) * 10); (print(rH(v1)); release(cnt)))))
fork((acquire(cnt); (wH(v1 rH(v1) * 10); (wH(v1 rH(v1) * 2); (print(rH(v1)); release(cnt))))))
acquire(cnt)
print(rH(v1) - 1)
release(cnt)

------- Symbol Table: -------
v1 = (0, int)

------- Out: -------

------- FileTable: -------

------- Heap: -------


------------------------------------------------------------------------------------
------- Id: 15 -------

------- Execution Stack: -------
(new v1 2)
semaphore(cnt, rH(v1), 1)
fork((acquire(cnt); (wH(v1 rH(v1) * 10); (print(rH(v1)); release(cnt)))))
fork((acquire(cnt); (wH(v1 rH(v1) * 10); (wH(v1 rH(v1) * 2); (print(rH(v1)); release(cnt))))))
acquire(cnt)
print(rH(v1) - 1)
release(cnt)
int cnt

------- Symbol Table: -------
v1 = (0, int)

------- Out: -------

------- FileTable: -------

------- Heap: -------


------------------------------------------------------------------------------------
------- Id: 15 -------

------- Execution Stack: -------
(new v1 2)
semaphore(cnt, rH(v1), 1)
fork((acquire(cnt); (wH(v1 rH(v1) * 10); (print(rH(v1)); release(cnt)))))
fork((acquire(cnt); (wH(v1 rH(v1) * 10); (wH(v1 rH(v1) * 2); (print(rH(v1)); release(cnt))))))
acquire(cnt)
print(rH(v1) - 1)
release(cnt)

------- Symbol Table: -------
cnt = 0
v1 = (0, int)

------- Out: -------

------- FileTable: -------

------- Heap: -------


------------------------------------------------------------------------------------
------- Id: 15 -------

------- Execution Stack: -------
semaphore(cnt, rH(v1), 1)
fork((acquire(cnt); (wH(v1 rH(v1) * 10); (print(rH(v1)); release(cnt)))))
fork((acquire(cnt); (wH(v1 rH(v1) * 10); (wH(v1 rH(v1) * 2); (print(rH(v1)); release(cnt))))))
acquire(cnt)
print(rH(v1) - 1)
release(cnt)
(new v1 2)

------- Symbol Table: -------
cnt = 0
v1 = (0, int)

------- Out: -------

------- FileTable: -------

------- Heap: -------


------------------------------------------------------------------------------------
------- Id: 15 -------

------- Execution Stack: -------
semaphore(cnt, rH(v1), 1)
fork((acquire(cnt); (wH(v1 rH(v1) * 10); (print(rH(v1)); release(cnt)))))
fork((acquire(cnt); (wH(v1 rH(v1) * 10); (wH(v1 rH(v1) * 2); (print(rH(v1)); release(cnt))))))
acquire(cnt)
print(rH(v1) - 1)
release(cnt)

------- Symbol Table: -------
cnt = 0
v1 = (1, int)

------- Out: -------

------- FileTable: -------

------- Heap: -------
1 = 2


------------------------------------------------------------------------------------
------- Id: 15 -------

------- Execution Stack: -------
fork((acquire(cnt); (wH(v1 rH(v1) * 10); (print(rH(v1)); release(cnt)))))
fork((acquire(cnt); (wH(v1 rH(v1) * 10); (wH(v1 rH(v1) * 2); (print(rH(v1)); release(cnt))))))
acquire(cnt)
print(rH(v1) - 1)
release(cnt)
semaphore(cnt, rH(v1), 1)

------- Symbol Table: -------
cnt = 0
v1 = (1, int)

------- Out: -------

------- FileTable: -------

------- Heap: -------
1 = 2


------------------------------------------------------------------------------------
------- Id: 15 -------

------- Execution Stack: -------
fork((acquire(cnt); (wH(v1 rH(v1) * 10); (print(rH(v1)); release(cnt)))))
fork((acquire(cnt); (wH(v1 rH(v1) * 10); (wH(v1 rH(v1) * 2); (print(rH(v1)); release(cnt))))))
acquire(cnt)
print(rH(v1) - 1)
release(cnt)

------- Symbol Table: -------
cnt = 1
v1 = (1, int)

------- Out: -------

------- FileTable: -------

------- Heap: -------
1 = 2


------------------------------------------------------------------------------------
------- Id: 15 -------

------- Execution Stack: -------
fork((acquire(cnt); (wH(v1 rH(v1) * 10); (wH(v1 rH(v1) * 2); (print(rH(v1)); release(cnt))))))
acquire(cnt)
print(rH(v1) - 1)
release(cnt)
fork((acquire(cnt); (wH(v1 rH(v1) * 10); (print(rH(v1)); release(cnt)))))

------- Symbol Table: -------
cnt = 1
v1 = (1, int)

------- Out: -------

------- FileTable: -------

------- Heap: -------
1 = 2


------------------------------------------------------------------------------------
------- Id: 15 -------

------- Execution Stack: -------
fork((acquire(cnt); (wH(v1 rH(v1) * 10); (wH(v1 rH(v1) * 2); (print(rH(v1)); release(cnt))))))
acquire(cnt)
print(rH(v1) - 1)
release(cnt)

------- Symbol Table: -------
cnt = 1
v1 = (1, int)

------- Out: -------

------- FileTable: -------

------- Heap: -------
1 = 2


------------------------------------------------------------------------------------
------- Id: 16 -------

------- Execution Stack: -------
acquire(cnt)
wH(v1 rH(v1) * 10)
print(rH(v1))
release(cnt)

------- Symbol Table: -------
cnt = 1
v1 = (1, int)

------- Out: -------

------- FileTable: -------

------- Heap: -------
1 = 2


------------------------------------------------------------------------------------
------- Id: 15 -------

------- Execution Stack: -------
acquire(cnt)
print(rH(v1) - 1)
release(cnt)
fork((acquire(cnt); (wH(v1 rH(v1) * 10); (wH(v1 rH(v1) * 2); (print(rH(v1)); release(cnt))))))

------- Symbol Table: -------
cnt = 1
v1 = (1, int)

------- Out: -------

------- FileTable: -------

------- Heap: -------
1 = 2


------------------------------------------------------------------------------------
------- Id: 16 -------

------- Execution Stack: -------
wH(v1 rH(v1) * 10)
print(rH(v1))
release(cnt)
acquire(cnt)

------- Symbol Table: -------
cnt = 1
v1 = (1, int)

------- Out: -------

------- FileTable: -------

------- Heap: -------
1 = 2


------------------------------------------------------------------------------------
------- Id: 15 -------

------- Execution Stack: -------
acquire(cnt)
print(rH(v1) - 1)
release(cnt)

------- Symbol Table: -------
cnt = 1
v1 = (1, int)

------- Out: -------

------- FileTable: -------

------- Heap: -------
1 = 2


------------------------------------------------------------------------------------
------- Id: 16 -------

------- Execution Stack: -------
wH(v1 rH(v1) * 10)
print(rH(v1))
release(cnt)

------- Symbol Table: -------
cnt = 1
v1 = (1, int)

------- Out: -------

------- FileTable: -------

------- Heap: -------
1 = 2


------------------------------------------------------------------------------------
------- Id: 17 -------

------- Execution Stack: -------
acquire(cnt)
wH(v1 rH(v1) * 10)
wH(v1 rH(v1) * 2)
print(rH(v1))
release(cnt)

------- Symbol Table: -------
cnt = 1
v1 = (1, int)

------- Out: -------

------- FileTable: -------

------- Heap: -------
1 = 2


------------------------------------------------------------------------------------
------- Id: 15 -------

------- Execution Stack: -------
print(rH(v1) - 1)
release(cnt)
acquire(cnt)

------- Symbol Table: -------
cnt = 1
v1 = (1, int)

------- Out: -------

------- FileTable: -------

------- Heap: -------
1 = 2


------------------------------------------------------------------------------------
------- Id: 16 -------

------- Execution Stack: -------
print(rH(v1))
release(cnt)
wH(v1 rH(v1) * 10)

------- Symbol Table: -------
cnt = 1
v1 = (1, int)

------- Out: -------

------- FileTable: -------

------- Heap: -------
1 = 2


------------------------------------------------------------------------------------
------- Id: 17 -------

------- Execution Stack: -------
wH(v1 rH(v1) * 10)
wH(v1 rH(v1) * 2)
print(rH(v1))
release(cnt)
acquire(cnt)

------- Symbol Table: -------
cnt = 1
v1 = (1, int)

------- Out: -------

------- FileTable: -------

------- Heap: -------
1 = 2


------------------------------------------------------------------------------------
------- Id: 15 -------

------- Execution Stack: -------
print(rH(v1) - 1)
release(cnt)
acquire(cnt)

------- Symbol Table: -------
cnt = 1
v1 = (1, int)

------- Out: -------

------- FileTable: -------

------- Heap: -------
1 = 20


------------------------------------------------------------------------------------
------- Id: 16 -------

------- Execution Stack: -------
print(rH(v1))
release(cnt)

------- Symbol Table: -------
cnt = 1
v1 = (1, int)

------- Out: -------

------- FileTable: -------

------- Heap: -------
1 = 20


------------------------------------------------------------------------------------
------- Id: 17 -------

------- Execution Stack: -------
wH(v1 rH(v1) * 10)
wH(v1 rH(v1) * 2)
print(rH(v1))
release(cnt)
acquire(cnt)

------- Symbol Table: -------
cnt = 1
v1 = (1, int)

------- Out: -------

------- FileTable: -------

------- Heap: -------
1 = 20


------------------------------------------------------------------------------------
------- Id: 15 -------

------- Execution Stack: -------
print(rH(v1) - 1)
release(cnt)
acquire(cnt)

------- Symbol Table: -------
cnt = 1
v1 = (1, int)

------- Out: -------

------- FileTable: -------

------- Heap: -------
1 = 20


------------------------------------------------------------------------------------
------- Id: 16 -------

------- Execution Stack: -------
release(cnt)
print(rH(v1))

------- Symbol Table: -------
cnt = 1
v1 = (1, int)

------- Out: -------

------- FileTable: -------

------- Heap: -------
1 = 20


------------------------------------------------------------------------------------
------- Id: 17 -------

------- Execution Stack: -------
wH(v1 rH(v1) * 10)
wH(v1 rH(v1) * 2)
print(rH(v1))
release(cnt)
acquire(cnt)

------- Symbol Table: -------
cnt = 1
v1 = (1, int)

------- Out: -------

------- FileTable: -------

------- Heap: -------
1 = 20


------------------------------------------------------------------------------------
------- Id: 15 -------

------- Execution Stack: -------
print(rH(v1) - 1)
release(cnt)
acquire(cnt)

------- Symbol Table: -------
cnt = 1
v1 = (1, int)

------- Out: -------
20 
------- FileTable: -------

------- Heap: -------
1 = 20


------------------------------------------------------------------------------------
------- Id: 16 -------

------- Execution Stack: -------
release(cnt)

------- Symbol Table: -------
cnt = 1
v1 = (1, int)

------- Out: -------
20 
------- FileTable: -------

------- Heap: -------
1 = 20


------------------------------------------------------------------------------------
------- Id: 17 -------

------- Execution Stack: -------
wH(v1 rH(v1) * 10)
wH(v1 rH(v1) * 2)
print(rH(v1))
release(cnt)
acquire(cnt)

------- Symbol Table: -------
cnt = 1
v1 = (1, int)

------- Out: -------
20 
------- FileTable: -------

------- Heap: -------
1 = 20


------------------------------------------------------------------------------------
------- Id: 15 -------

------- Execution Stack: -------
print(rH(v1) - 1)
release(cnt)
acquire(cnt)

------- Symbol Table: -------
cnt = 1
v1 = (1, int)

------- Out: -------
20 
------- FileTable: -------

------- Heap: -------
1 = 20


------------------------------------------------------------------------------------
------- Id: 16 -------

------- Execution Stack: -------

------- Symbol Table: -------
cnt = 1
v1 = (1, int)

------- Out: -------
20 
------- FileTable: -------

------- Heap: -------
1 = 20


------------------------------------------------------------------------------------
------- Id: 17 -------

------- Execution Stack: -------
wH(v1 rH(v1) * 10)
wH(v1 rH(v1) * 2)
print(rH(v1))
release(cnt)
acquire(cnt)

------- Symbol Table: -------
cnt = 1
v1 = (1, int)

------- Out: -------
20 
------- FileTable: -------

------- Heap: -------
1 = 20


------------------------------------------------------------------------------------
------- Id: 15 -------

------- Execution Stack: -------
print(rH(v1) - 1)
release(cnt)

------- Symbol Table: -------
cnt = 1
v1 = (1, int)

------- Out: -------
20 
------- FileTable: -------

------- Heap: -------
1 = 20


------------------------------------------------------------------------------------
------- Id: 17 -------

------- Execution Stack: -------
wH(v1 rH(v1) * 10)
wH(v1 rH(v1) * 2)
print(rH(v1))
release(cnt)
acquire(cnt)

------- Symbol Table: -------
cnt = 1
v1 = (1, int)

------- Out: -------
20 
------- FileTable: -------

------- Heap: -------
1 = 20


------------------------------------------------------------------------------------
------- Id: 15 -------

------- Execution Stack: -------
release(cnt)
print(rH(v1) - 1)

------- Symbol Table: -------
cnt = 1
v1 = (1, int)

------- Out: -------
20 
------- FileTable: -------

------- Heap: -------
1 = 20


------------------------------------------------------------------------------------
------- Id: 17 -------

------- Execution Stack: -------
wH(v1 rH(v1) * 10)
wH(v1 rH(v1) * 2)
print(rH(v1))
release(cnt)
acquire(cnt)

------- Symbol Table: -------
cnt = 1
v1 = (1, int)

------- Out: -------
20 
------- FileTable: -------

------- Heap: -------
1 = 20


------------------------------------------------------------------------------------
------- Id: 15 -------

------- Execution Stack: -------
release(cnt)

------- Symbol Table: -------
cnt = 1
v1 = (1, int)

------- Out: -------
20 19 
------- FileTable: -------

------- Heap: -------
1 = 20


------------------------------------------------------------------------------------
------- Id: 17 -------

------- Execution Stack: -------
wH(v1 rH(v1) * 10)
wH(v1 rH(v1) * 2)
print(rH(v1))
release(cnt)
acquire(cnt)

------- Symbol Table: -------
cnt = 1
v1 = (1, int)

------- Out: -------
20 19 
------- FileTable: -------

------- Heap: -------
1 = 20


------------------------------------------------------------------------------------
------- Id: 15 -------

------- Execution Stack: -------

------- Symbol Table: -------
cnt = 1
v1 = (1, int)

------- Out: -------
20 19 
------- FileTable: -------

------- Heap: -------
1 = 20


------------------------------------------------------------------------------------
------- Id: 17 -------

------- Execution Stack: -------
wH(v1 rH(v1) * 10)
wH(v1 rH(v1) * 2)
print(rH(v1))
release(cnt)
acquire(cnt)

------- Symbol Table: -------
cnt = 1
v1 = (1, int)

------- Out: -------
20 19 
------- FileTable: -------

------- Heap: -------
1 = 20


------------------------------------------------------------------------------------
------- Id: 17 -------

------- Execution Stack: -------
wH(v1 rH(v1) * 10)
wH(v1 rH(v1) * 2)
print(rH(v1))
release(cnt)

------- Symbol Table: -------
cnt = 1
v1 = (1, int)

------- Out: -------
20 19 
------- FileTable: -------

------- Heap: -------
1 = 20


------------------------------------------------------------------------------------
------- Id: 17 -------

------- Execution Stack: -------
wH(v1 rH(v1) * 2)
print(rH(v1))
release(cnt)
wH(v1 rH(v1) * 10)

------- Symbol Table: -------
cnt = 1
v1 = (1, int)

------- Out: -------
20 19 
------- FileTable: -------

------- Heap: -------
1 = 20


------------------------------------------------------------------------------------
------- Id: 17 -------

------- Execution Stack: -------
wH(v1 rH(v1) * 2)
print(rH(v1))
release(cnt)

------- Symbol Table: -------
cnt = 1
v1 = (1, int)

------- Out: -------
20 19 
------- FileTable: -------

------- Heap: -------
1 = 200


------------------------------------------------------------------------------------
------- Id: 17 -------

------- Execution Stack: -------
print(rH(v1))
release(cnt)
wH(v1 rH(v1) * 2)

------- Symbol Table: -------
cnt = 1
v1 = (1, int)

------- Out: -------
20 19 
------- FileTable: -------

------- Heap: -------
1 = 200


------------------------------------------------------------------------------------
------- Id: 17 -------

------- Execution Stack: -------
print(rH(v1))
release(cnt)

------- Symbol Table: -------
cnt = 1
v1 = (1, int)

------- Out: -------
20 19 
------- FileTable: -------

------- Heap: -------
1 = 400


------------------------------------------------------------------------------------
------- Id: 17 -------

------- Execution Stack: -------
release(cnt)
print(rH(v1))

------- Symbol Table: -------
cnt = 1
v1 = (1, int)

------- Out: -------
20 19 
------- FileTable: -------

------- Heap: -------
1 = 400


------------------------------------------------------------------------------------
------- Id: 17 -------

------- Execution Stack: -------
release(cnt)

------- Symbol Table: -------
cnt = 1
v1 = (1, int)

------- Out: -------
20 19 400 
------- FileTable: -------

------- Heap: -------
1 = 400


------------------------------------------------------------------------------------
------- Id: 17 -------

------- Execution Stack: -------

------- Symbol Table: -------
cnt = 1
v1 = (1, int)

------- Out: -------
20 19 400 
------- FileTable: -------

------- Heap: -------
1 = 400

