
------------------------------------------------------------------------------------
------- Id: 1 -------

------- Execution Stack: -------
model.adtContainers.MyStack@555b10a5
------- Symbol Table: -------

------- Out: -------

------- FileTable: -------

------- Heap: -------


------------------------------------------------------------------------------------
------- Id: 1 -------

------- Execution Stack: -------
model.adtContainers.MyStack@555b10a5
------- Symbol Table: -------
a = 0

------- Out: -------

------- FileTable: -------

------- Heap: -------


------------------------------------------------------------------------------------
------- Id: 1 -------

------- Execution Stack: -------
model.adtContainers.MyStack@555b10a5
------- Symbol Table: -------
a = 0

------- Out: -------

------- FileTable: -------

------- Heap: -------


------------------------------------------------------------------------------------
------- Id: 1 -------

------- Execution Stack: -------
model.adtContainers.MyStack@555b10a5
------- Symbol Table: -------
a = 0
b = 0

------- Out: -------

------- FileTable: -------

------- Heap: -------


------------------------------------------------------------------------------------
------- Id: 1 -------

------- Execution Stack: -------
model.adtContainers.MyStack@555b10a5
------- Symbol Table: -------
a = 0
b = 0

------- Out: -------

------- FileTable: -------

------- Heap: -------


------------------------------------------------------------------------------------
------- Id: 1 -------

------- Execution Stack: -------
model.adtContainers.MyStack@555b10a5
------- Symbol Table: -------
a = 17
b = 0

------- Out: -------

------- FileTable: -------

------- Heap: -------


------------------------------------------------------------------------------------
------- Id: 1 -------

------- Execution Stack: -------
model.adtContainers.MyStack@555b10a5
------- Symbol Table: -------
a = 17
b = 0

------- Out: -------

------- FileTable: -------

------- Heap: -------


------------------------------------------------------------------------------------
------- Id: 1 -------

------- Execution Stack: -------
model.adtContainers.MyStack@555b10a5
------- Symbol Table: -------
a = 17
b = 18

------- Out: -------

------- FileTable: -------

------- Heap: -------


------------------------------------------------------------------------------------
------- Id: 1 -------

------- Execution Stack: -------
model.adtContainers.MyStack@555b10a5
------- Symbol Table: -------
a = 17
b = 18

------- Out: -------
18 
------- FileTable: -------

------- Heap: -------


------------------------------------------------------------------------------------
------- Id: 1 -------

------- Execution Stack: -------
int v
a = true
if (a) then (v = 2) else (v = 3)
print(v)
bool a

------- Symbol Table: -------

------- Out: -------

------- FileTable: -------

------- Heap: -------


------------------------------------------------------------------------------------
------- Id: 1 -------

------- Execution Stack: -------
int v
a = true
if (a) then (v = 2) else (v = 3)
print(v)

------- Symbol Table: -------
a = false

------- Out: -------

------- FileTable: -------

------- Heap: -------


------------------------------------------------------------------------------------
------- Id: 1 -------

------- Execution Stack: -------
a = true
if (a) then (v = 2) else (v = 3)
print(v)
int v

------- Symbol Table: -------
a = false

------- Out: -------

------- FileTable: -------

------- Heap: -------


------------------------------------------------------------------------------------
------- Id: 1 -------

------- Execution Stack: -------
a = true
if (a) then (v = 2) else (v = 3)
print(v)

------- Symbol Table: -------
a = false
v = 0

------- Out: -------

------- FileTable: -------

------- Heap: -------


------------------------------------------------------------------------------------
------- Id: 1 -------

------- Execution Stack: -------
if (a) then (v = 2) else (v = 3)
print(v)
a = true

------- Symbol Table: -------
a = false
v = 0

------- Out: -------

------- FileTable: -------

------- Heap: -------


------------------------------------------------------------------------------------
------- Id: 1 -------

------- Execution Stack: -------
if (a) then (v = 2) else (v = 3)
print(v)

------- Symbol Table: -------
a = true
v = 0

------- Out: -------

------- FileTable: -------

------- Heap: -------


------------------------------------------------------------------------------------
------- Id: 1 -------

------- Execution Stack: -------
print(v)
if (a) then (v = 2) else (v = 3)

------- Symbol Table: -------
a = true
v = 0

------- Out: -------

------- FileTable: -------

------- Heap: -------


------------------------------------------------------------------------------------
------- Id: 1 -------

------- Execution Stack: -------
print(v)
v = 2

------- Symbol Table: -------
a = true
v = 0

------- Out: -------

------- FileTable: -------

------- Heap: -------


------------------------------------------------------------------------------------
------- Id: 1 -------

------- Execution Stack: -------
print(v)

------- Symbol Table: -------
a = true
v = 2

------- Out: -------

------- FileTable: -------

------- Heap: -------


------------------------------------------------------------------------------------
------- Id: 1 -------

------- Execution Stack: -------

------- Symbol Table: -------
a = true
v = 2

------- Out: -------
2 
------- FileTable: -------

------- Heap: -------


------------------------------------------------------------------------------------
------- Id: 1 -------

------- Execution Stack: -------
int v
a = true
if (a) then (v = 2) else (v = 3)
print(v)
bool a

------- Symbol Table: -------

------- Out: -------

------- FileTable: -------

------- Heap: -------


------------------------------------------------------------------------------------
------- Id: 1 -------

------- Execution Stack: -------
int v
a = true
if (a) then (v = 2) else (v = 3)
print(v)

------- Symbol Table: -------
a = false

------- Out: -------

------- FileTable: -------

------- Heap: -------


------------------------------------------------------------------------------------
------- Id: 1 -------

------- Execution Stack: -------
a = true
if (a) then (v = 2) else (v = 3)
print(v)
int v

------- Symbol Table: -------
a = false

------- Out: -------

------- FileTable: -------

------- Heap: -------


------------------------------------------------------------------------------------
------- Id: 1 -------

------- Execution Stack: -------
a = true
if (a) then (v = 2) else (v = 3)
print(v)

------- Symbol Table: -------
a = false
v = 0

------- Out: -------

------- FileTable: -------

------- Heap: -------


------------------------------------------------------------------------------------
------- Id: 1 -------

------- Execution Stack: -------
if (a) then (v = 2) else (v = 3)
print(v)
a = true

------- Symbol Table: -------
a = false
v = 0

------- Out: -------

------- FileTable: -------

------- Heap: -------


------------------------------------------------------------------------------------
------- Id: 1 -------

------- Execution Stack: -------
if (a) then (v = 2) else (v = 3)
print(v)

------- Symbol Table: -------
a = true
v = 0

------- Out: -------

------- FileTable: -------

------- Heap: -------


------------------------------------------------------------------------------------
------- Id: 1 -------

------- Execution Stack: -------
print(v)
if (a) then (v = 2) else (v = 3)

------- Symbol Table: -------
a = true
v = 0

------- Out: -------

------- FileTable: -------

------- Heap: -------


------------------------------------------------------------------------------------
------- Id: 1 -------

------- Execution Stack: -------
print(v)
v = 2

------- Symbol Table: -------
a = true
v = 0

------- Out: -------

------- FileTable: -------

------- Heap: -------


------------------------------------------------------------------------------------
------- Id: 1 -------

------- Execution Stack: -------
print(v)

------- Symbol Table: -------
a = true
v = 2

------- Out: -------

------- FileTable: -------

------- Heap: -------


------------------------------------------------------------------------------------
------- Id: 1 -------

------- Execution Stack: -------

------- Symbol Table: -------
a = true
v = 2

------- Out: -------
2 
------- FileTable: -------

------- Heap: -------

