
------------------------------------------------------------------------------------
------- Id: 12 -------

------- Execution Stack: -------
Ref(int) b
int v
(new a 0)
(new b 0)
wH(a 0)
wH(b 2)
v = rH(a) < rH(b)? 100 : 200
print(v)
v = rH(b) - 2 > rH(a)? 100 : 200
print(v)
Ref(int) a

------- Symbol Table: -------

------- Out: -------

------- FileTable: -------

------- Heap: -------


------------------------------------------------------------------------------------
------- Id: 12 -------

------- Execution Stack: -------
Ref(int) b
int v
(new a 0)
(new b 0)
wH(a 0)
wH(b 2)
v = rH(a) < rH(b)? 100 : 200
print(v)
v = rH(b) - 2 > rH(a)? 100 : 200
print(v)

------- Symbol Table: -------
a = (0, int)

------- Out: -------

------- FileTable: -------

------- Heap: -------


------------------------------------------------------------------------------------
------- Id: 12 -------

------- Execution Stack: -------
int v
(new a 0)
(new b 0)
wH(a 0)
wH(b 2)
v = rH(a) < rH(b)? 100 : 200
print(v)
v = rH(b) - 2 > rH(a)? 100 : 200
print(v)
Ref(int) b

------- Symbol Table: -------
a = (0, int)

------- Out: -------

------- FileTable: -------

------- Heap: -------


------------------------------------------------------------------------------------
------- Id: 12 -------

------- Execution Stack: -------
int v
(new a 0)
(new b 0)
wH(a 0)
wH(b 2)
v = rH(a) < rH(b)? 100 : 200
print(v)
v = rH(b) - 2 > rH(a)? 100 : 200
print(v)

------- Symbol Table: -------
a = (0, int)
b = (0, int)

------- Out: -------

------- FileTable: -------

------- Heap: -------


------------------------------------------------------------------------------------
------- Id: 12 -------

------- Execution Stack: -------
(new a 0)
(new b 0)
wH(a 0)
wH(b 2)
v = rH(a) < rH(b)? 100 : 200
print(v)
v = rH(b) - 2 > rH(a)? 100 : 200
print(v)
int v

------- Symbol Table: -------
a = (0, int)
b = (0, int)

------- Out: -------

------- FileTable: -------

------- Heap: -------


------------------------------------------------------------------------------------
------- Id: 12 -------

------- Execution Stack: -------
(new a 0)
(new b 0)
wH(a 0)
wH(b 2)
v = rH(a) < rH(b)? 100 : 200
print(v)
v = rH(b) - 2 > rH(a)? 100 : 200
print(v)

------- Symbol Table: -------
a = (0, int)
b = (0, int)
v = 0

------- Out: -------

------- FileTable: -------

------- Heap: -------


------------------------------------------------------------------------------------
------- Id: 12 -------

------- Execution Stack: -------
(new b 0)
wH(a 0)
wH(b 2)
v = rH(a) < rH(b)? 100 : 200
print(v)
v = rH(b) - 2 > rH(a)? 100 : 200
print(v)
(new a 0)

------- Symbol Table: -------
a = (0, int)
b = (0, int)
v = 0

------- Out: -------

------- FileTable: -------

------- Heap: -------


------------------------------------------------------------------------------------
------- Id: 12 -------

------- Execution Stack: -------
(new b 0)
wH(a 0)
wH(b 2)
v = rH(a) < rH(b)? 100 : 200
print(v)
v = rH(b) - 2 > rH(a)? 100 : 200
print(v)

------- Symbol Table: -------
a = (1, int)
b = (0, int)
v = 0

------- Out: -------

------- FileTable: -------

------- Heap: -------
1 = 0


------------------------------------------------------------------------------------
------- Id: 12 -------

------- Execution Stack: -------
wH(a 0)
wH(b 2)
v = rH(a) < rH(b)? 100 : 200
print(v)
v = rH(b) - 2 > rH(a)? 100 : 200
print(v)
(new b 0)

------- Symbol Table: -------
a = (1, int)
b = (0, int)
v = 0

------- Out: -------

------- FileTable: -------

------- Heap: -------
1 = 0


------------------------------------------------------------------------------------
------- Id: 12 -------

------- Execution Stack: -------
wH(a 0)
wH(b 2)
v = rH(a) < rH(b)? 100 : 200
print(v)
v = rH(b) - 2 > rH(a)? 100 : 200
print(v)

------- Symbol Table: -------
a = (1, int)
b = (2, int)
v = 0

------- Out: -------

------- FileTable: -------

------- Heap: -------
1 = 0
2 = 0


------------------------------------------------------------------------------------
------- Id: 12 -------

------- Execution Stack: -------
wH(b 2)
v = rH(a) < rH(b)? 100 : 200
print(v)
v = rH(b) - 2 > rH(a)? 100 : 200
print(v)
wH(a 0)

------- Symbol Table: -------
a = (1, int)
b = (2, int)
v = 0

------- Out: -------

------- FileTable: -------

------- Heap: -------
1 = 0
2 = 0


------------------------------------------------------------------------------------
------- Id: 12 -------

------- Execution Stack: -------
wH(b 2)
v = rH(a) < rH(b)? 100 : 200
print(v)
v = rH(b) - 2 > rH(a)? 100 : 200
print(v)

------- Symbol Table: -------
a = (1, int)
b = (2, int)
v = 0

------- Out: -------

------- FileTable: -------

------- Heap: -------
1 = 0
2 = 0


------------------------------------------------------------------------------------
------- Id: 12 -------

------- Execution Stack: -------
v = rH(a) < rH(b)? 100 : 200
print(v)
v = rH(b) - 2 > rH(a)? 100 : 200
print(v)
wH(b 2)

------- Symbol Table: -------
a = (1, int)
b = (2, int)
v = 0

------- Out: -------

------- FileTable: -------

------- Heap: -------
1 = 0
2 = 0


------------------------------------------------------------------------------------
------- Id: 12 -------

------- Execution Stack: -------
v = rH(a) < rH(b)? 100 : 200
print(v)
v = rH(b) - 2 > rH(a)? 100 : 200
print(v)

------- Symbol Table: -------
a = (1, int)
b = (2, int)
v = 0

------- Out: -------

------- FileTable: -------

------- Heap: -------
1 = 0
2 = 2


------------------------------------------------------------------------------------
------- Id: 12 -------

------- Execution Stack: -------
Ref(int) b
int v
(new a 0)
(new b 0)
wH(a 1)
wH(b 2)
v = rH(a) < rH(b)? 100 : 200
print(v)
v = rH(b) - 2 > rH(a)? 100 : 200
print(v)
Ref(int) a

------- Symbol Table: -------

------- Out: -------

------- FileTable: -------

------- Heap: -------


------------------------------------------------------------------------------------
------- Id: 12 -------

------- Execution Stack: -------
Ref(int) b
int v
(new a 0)
(new b 0)
wH(a 1)
wH(b 2)
v = rH(a) < rH(b)? 100 : 200
print(v)
v = rH(b) - 2 > rH(a)? 100 : 200
print(v)

------- Symbol Table: -------
a = (0, int)

------- Out: -------

------- FileTable: -------

------- Heap: -------


------------------------------------------------------------------------------------
------- Id: 12 -------

------- Execution Stack: -------
int v
(new a 0)
(new b 0)
wH(a 1)
wH(b 2)
v = rH(a) < rH(b)? 100 : 200
print(v)
v = rH(b) - 2 > rH(a)? 100 : 200
print(v)
Ref(int) b

------- Symbol Table: -------
a = (0, int)

------- Out: -------

------- FileTable: -------

------- Heap: -------


------------------------------------------------------------------------------------
------- Id: 12 -------

------- Execution Stack: -------
int v
(new a 0)
(new b 0)
wH(a 1)
wH(b 2)
v = rH(a) < rH(b)? 100 : 200
print(v)
v = rH(b) - 2 > rH(a)? 100 : 200
print(v)

------- Symbol Table: -------
a = (0, int)
b = (0, int)

------- Out: -------

------- FileTable: -------

------- Heap: -------


------------------------------------------------------------------------------------
------- Id: 12 -------

------- Execution Stack: -------
(new a 0)
(new b 0)
wH(a 1)
wH(b 2)
v = rH(a) < rH(b)? 100 : 200
print(v)
v = rH(b) - 2 > rH(a)? 100 : 200
print(v)
int v

------- Symbol Table: -------
a = (0, int)
b = (0, int)

------- Out: -------

------- FileTable: -------

------- Heap: -------


------------------------------------------------------------------------------------
------- Id: 12 -------

------- Execution Stack: -------
(new a 0)
(new b 0)
wH(a 1)
wH(b 2)
v = rH(a) < rH(b)? 100 : 200
print(v)
v = rH(b) - 2 > rH(a)? 100 : 200
print(v)

------- Symbol Table: -------
a = (0, int)
b = (0, int)
v = 0

------- Out: -------

------- FileTable: -------

------- Heap: -------


------------------------------------------------------------------------------------
------- Id: 12 -------

------- Execution Stack: -------
(new b 0)
wH(a 1)
wH(b 2)
v = rH(a) < rH(b)? 100 : 200
print(v)
v = rH(b) - 2 > rH(a)? 100 : 200
print(v)
(new a 0)

------- Symbol Table: -------
a = (0, int)
b = (0, int)
v = 0

------- Out: -------

------- FileTable: -------

------- Heap: -------


------------------------------------------------------------------------------------
------- Id: 12 -------

------- Execution Stack: -------
(new b 0)
wH(a 1)
wH(b 2)
v = rH(a) < rH(b)? 100 : 200
print(v)
v = rH(b) - 2 > rH(a)? 100 : 200
print(v)

------- Symbol Table: -------
a = (1, int)
b = (0, int)
v = 0

------- Out: -------

------- FileTable: -------

------- Heap: -------
1 = 0


------------------------------------------------------------------------------------
------- Id: 12 -------

------- Execution Stack: -------
wH(a 1)
wH(b 2)
v = rH(a) < rH(b)? 100 : 200
print(v)
v = rH(b) - 2 > rH(a)? 100 : 200
print(v)
(new b 0)

------- Symbol Table: -------
a = (1, int)
b = (0, int)
v = 0

------- Out: -------

------- FileTable: -------

------- Heap: -------
1 = 0


------------------------------------------------------------------------------------
------- Id: 12 -------

------- Execution Stack: -------
wH(a 1)
wH(b 2)
v = rH(a) < rH(b)? 100 : 200
print(v)
v = rH(b) - 2 > rH(a)? 100 : 200
print(v)

------- Symbol Table: -------
a = (1, int)
b = (2, int)
v = 0

------- Out: -------

------- FileTable: -------

------- Heap: -------
1 = 0
2 = 0


------------------------------------------------------------------------------------
------- Id: 12 -------

------- Execution Stack: -------
wH(b 2)
v = rH(a) < rH(b)? 100 : 200
print(v)
v = rH(b) - 2 > rH(a)? 100 : 200
print(v)
wH(a 1)

------- Symbol Table: -------
a = (1, int)
b = (2, int)
v = 0

------- Out: -------

------- FileTable: -------

------- Heap: -------
1 = 0
2 = 0


------------------------------------------------------------------------------------
------- Id: 12 -------

------- Execution Stack: -------
wH(b 2)
v = rH(a) < rH(b)? 100 : 200
print(v)
v = rH(b) - 2 > rH(a)? 100 : 200
print(v)

------- Symbol Table: -------
a = (1, int)
b = (2, int)
v = 0

------- Out: -------

------- FileTable: -------

------- Heap: -------
1 = 1
2 = 0


------------------------------------------------------------------------------------
------- Id: 12 -------

------- Execution Stack: -------
v = rH(a) < rH(b)? 100 : 200
print(v)
v = rH(b) - 2 > rH(a)? 100 : 200
print(v)
wH(b 2)

------- Symbol Table: -------
a = (1, int)
b = (2, int)
v = 0

------- Out: -------

------- FileTable: -------

------- Heap: -------
1 = 1
2 = 0


------------------------------------------------------------------------------------
------- Id: 12 -------

------- Execution Stack: -------
v = rH(a) < rH(b)? 100 : 200
print(v)
v = rH(b) - 2 > rH(a)? 100 : 200
print(v)

------- Symbol Table: -------
a = (1, int)
b = (2, int)
v = 0

------- Out: -------

------- FileTable: -------

------- Heap: -------
1 = 1
2 = 2


------------------------------------------------------------------------------------
------- Id: 12 -------

------- Execution Stack: -------
print(v)
v = rH(b) - 2 > rH(a)? 100 : 200
print(v)
v = rH(a) < rH(b)? 100 : 200

------- Symbol Table: -------
a = (1, int)
b = (2, int)
v = 0

------- Out: -------

------- FileTable: -------

------- Heap: -------
1 = 1
2 = 2


------------------------------------------------------------------------------------
------- Id: 12 -------

------- Execution Stack: -------
print(v)
v = rH(b) - 2 > rH(a)? 100 : 200
print(v)
if (rH(a) < rH(b)) then (v = 100) else (v = 200)

------- Symbol Table: -------
a = (1, int)
b = (2, int)
v = 0

------- Out: -------

------- FileTable: -------

------- Heap: -------
1 = 1
2 = 2


------------------------------------------------------------------------------------
------- Id: 12 -------

------- Execution Stack: -------
print(v)
v = rH(b) - 2 > rH(a)? 100 : 200
print(v)
v = 100

------- Symbol Table: -------
a = (1, int)
b = (2, int)
v = 0

------- Out: -------

------- FileTable: -------

------- Heap: -------
1 = 1
2 = 2


------------------------------------------------------------------------------------
------- Id: 12 -------

------- Execution Stack: -------
print(v)
v = rH(b) - 2 > rH(a)? 100 : 200
print(v)

------- Symbol Table: -------
a = (1, int)
b = (2, int)
v = 100

------- Out: -------

------- FileTable: -------

------- Heap: -------
1 = 1
2 = 2


------------------------------------------------------------------------------------
------- Id: 12 -------

------- Execution Stack: -------
v = rH(b) - 2 > rH(a)? 100 : 200
print(v)
print(v)

------- Symbol Table: -------
a = (1, int)
b = (2, int)
v = 100

------- Out: -------

------- FileTable: -------

------- Heap: -------
1 = 1
2 = 2


------------------------------------------------------------------------------------
------- Id: 12 -------

------- Execution Stack: -------
v = rH(b) - 2 > rH(a)? 100 : 200
print(v)

------- Symbol Table: -------
a = (1, int)
b = (2, int)
v = 100

------- Out: -------
100 
------- FileTable: -------

------- Heap: -------
1 = 1
2 = 2


------------------------------------------------------------------------------------
------- Id: 12 -------

------- Execution Stack: -------
print(v)
v = rH(b) - 2 > rH(a)? 100 : 200

------- Symbol Table: -------
a = (1, int)
b = (2, int)
v = 100

------- Out: -------
100 
------- FileTable: -------

------- Heap: -------
1 = 1
2 = 2


------------------------------------------------------------------------------------
------- Id: 12 -------

------- Execution Stack: -------
print(v)
if (rH(b) - 2 > rH(a)) then (v = 100) else (v = 200)

------- Symbol Table: -------
a = (1, int)
b = (2, int)
v = 100

------- Out: -------
100 
------- FileTable: -------

------- Heap: -------
1 = 1
2 = 2


------------------------------------------------------------------------------------
------- Id: 12 -------

------- Execution Stack: -------
print(v)
v = 200

------- Symbol Table: -------
a = (1, int)
b = (2, int)
v = 100

------- Out: -------
100 
------- FileTable: -------

------- Heap: -------
1 = 1
2 = 2


------------------------------------------------------------------------------------
------- Id: 12 -------

------- Execution Stack: -------
print(v)

------- Symbol Table: -------
a = (1, int)
b = (2, int)
v = 200

------- Out: -------
100 
------- FileTable: -------

------- Heap: -------
1 = 1
2 = 2


------------------------------------------------------------------------------------
------- Id: 12 -------

------- Execution Stack: -------

------- Symbol Table: -------
a = (1, int)
b = (2, int)
v = 200

------- Out: -------
100 200 
------- FileTable: -------

------- Heap: -------
1 = 1
2 = 2

