
------------------------------------------------------------------------------------
------- Id: 10 -------

------- Execution Stack: -------
int b
int c
a = 1
b = 2
c = 5
switch(a * 10)
(case b * b: (print(a); print(b)))
(case 10: (print(100); print(200)))
(default : print(100))
print(300)
int a

------- Symbol Table: -------

------- Out: -------

------- FileTable: -------

------- Heap: -------


------------------------------------------------------------------------------------
------- Id: 10 -------

------- Execution Stack: -------
int b
int c
a = 1
b = 2
c = 5
switch(a * 10)
(case b * b: (print(a); print(b)))
(case 10: (print(100); print(200)))
(default : print(100))
print(300)

------- Symbol Table: -------
a = 0

------- Out: -------

------- FileTable: -------

------- Heap: -------


------------------------------------------------------------------------------------
------- Id: 10 -------

------- Execution Stack: -------
int c
a = 1
b = 2
c = 5
switch(a * 10)
(case b * b: (print(a); print(b)))
(case 10: (print(100); print(200)))
(default : print(100))
print(300)
int b

------- Symbol Table: -------
a = 0

------- Out: -------

------- FileTable: -------

------- Heap: -------


------------------------------------------------------------------------------------
------- Id: 10 -------

------- Execution Stack: -------
int c
a = 1
b = 2
c = 5
switch(a * 10)
(case b * b: (print(a); print(b)))
(case 10: (print(100); print(200)))
(default : print(100))
print(300)

------- Symbol Table: -------
a = 0
b = 0

------- Out: -------

------- FileTable: -------

------- Heap: -------


------------------------------------------------------------------------------------
------- Id: 10 -------

------- Execution Stack: -------
a = 1
b = 2
c = 5
switch(a * 10)
(case b * b: (print(a); print(b)))
(case 10: (print(100); print(200)))
(default : print(100))
print(300)
int c

------- Symbol Table: -------
a = 0
b = 0

------- Out: -------

------- FileTable: -------

------- Heap: -------


------------------------------------------------------------------------------------
------- Id: 10 -------

------- Execution Stack: -------
a = 1
b = 2
c = 5
switch(a * 10)
(case b * b: (print(a); print(b)))
(case 10: (print(100); print(200)))
(default : print(100))
print(300)

------- Symbol Table: -------
a = 0
b = 0
c = 0

------- Out: -------

------- FileTable: -------

------- Heap: -------


------------------------------------------------------------------------------------
------- Id: 10 -------

------- Execution Stack: -------
b = 2
c = 5
switch(a * 10)
(case b * b: (print(a); print(b)))
(case 10: (print(100); print(200)))
(default : print(100))
print(300)
a = 1

------- Symbol Table: -------
a = 0
b = 0
c = 0

------- Out: -------

------- FileTable: -------

------- Heap: -------


------------------------------------------------------------------------------------
------- Id: 10 -------

------- Execution Stack: -------
b = 2
c = 5
switch(a * 10)
(case b * b: (print(a); print(b)))
(case 10: (print(100); print(200)))
(default : print(100))
print(300)

------- Symbol Table: -------
a = 1
b = 0
c = 0

------- Out: -------

------- FileTable: -------

------- Heap: -------


------------------------------------------------------------------------------------
------- Id: 10 -------

------- Execution Stack: -------
c = 5
switch(a * 10)
(case b * b: (print(a); print(b)))
(case 10: (print(100); print(200)))
(default : print(100))
print(300)
b = 2

------- Symbol Table: -------
a = 1
b = 0
c = 0

------- Out: -------

------- FileTable: -------

------- Heap: -------


------------------------------------------------------------------------------------
------- Id: 10 -------

------- Execution Stack: -------
c = 5
switch(a * 10)
(case b * b: (print(a); print(b)))
(case 10: (print(100); print(200)))
(default : print(100))
print(300)

------- Symbol Table: -------
a = 1
b = 2
c = 0

------- Out: -------

------- FileTable: -------

------- Heap: -------


------------------------------------------------------------------------------------
------- Id: 10 -------

------- Execution Stack: -------
switch(a * 10)
(case b * b: (print(a); print(b)))
(case 10: (print(100); print(200)))
(default : print(100))
print(300)
c = 5

------- Symbol Table: -------
a = 1
b = 2
c = 0

------- Out: -------

------- FileTable: -------

------- Heap: -------


------------------------------------------------------------------------------------
------- Id: 10 -------

------- Execution Stack: -------
switch(a * 10)
(case b * b: (print(a); print(b)))
(case 10: (print(100); print(200)))
(default : print(100))
print(300)

------- Symbol Table: -------
a = 1
b = 2
c = 5

------- Out: -------

------- FileTable: -------

------- Heap: -------


------------------------------------------------------------------------------------
------- Id: 10 -------

------- Execution Stack: -------
print(300)
switch(a * 10)
(case b * b: (print(a); print(b)))
(case 10: (print(100); print(200)))
(default : print(100))

------- Symbol Table: -------
a = 1
b = 2
c = 5

------- Out: -------

------- FileTable: -------

------- Heap: -------


------------------------------------------------------------------------------------
------- Id: 10 -------

------- Execution Stack: -------
int b
int c
a = 1
b = 2
c = 5
switch(a * 10)
(case b * b: (print(a); print(b)))
(case 10: (print(100); print(200)))
(default : print(100))
print(300)
int a

------- Symbol Table: -------

------- Out: -------

------- FileTable: -------

------- Heap: -------


------------------------------------------------------------------------------------
------- Id: 10 -------

------- Execution Stack: -------
int b
int c
a = 1
b = 2
c = 5
switch(a * 10)
(case b * b: (print(a); print(b)))
(case 10: (print(100); print(200)))
(default : print(100))
print(300)

------- Symbol Table: -------
a = 0

------- Out: -------

------- FileTable: -------

------- Heap: -------


------------------------------------------------------------------------------------
------- Id: 10 -------

------- Execution Stack: -------
int c
a = 1
b = 2
c = 5
switch(a * 10)
(case b * b: (print(a); print(b)))
(case 10: (print(100); print(200)))
(default : print(100))
print(300)
int b

------- Symbol Table: -------
a = 0

------- Out: -------

------- FileTable: -------

------- Heap: -------


------------------------------------------------------------------------------------
------- Id: 10 -------

------- Execution Stack: -------
int c
a = 1
b = 2
c = 5
switch(a * 10)
(case b * b: (print(a); print(b)))
(case 10: (print(100); print(200)))
(default : print(100))
print(300)

------- Symbol Table: -------
a = 0
b = 0

------- Out: -------

------- FileTable: -------

------- Heap: -------


------------------------------------------------------------------------------------
------- Id: 10 -------

------- Execution Stack: -------
a = 1
b = 2
c = 5
switch(a * 10)
(case b * b: (print(a); print(b)))
(case 10: (print(100); print(200)))
(default : print(100))
print(300)
int c

------- Symbol Table: -------
a = 0
b = 0

------- Out: -------

------- FileTable: -------

------- Heap: -------


------------------------------------------------------------------------------------
------- Id: 10 -------

------- Execution Stack: -------
a = 1
b = 2
c = 5
switch(a * 10)
(case b * b: (print(a); print(b)))
(case 10: (print(100); print(200)))
(default : print(100))
print(300)

------- Symbol Table: -------
a = 0
b = 0
c = 0

------- Out: -------

------- FileTable: -------

------- Heap: -------


------------------------------------------------------------------------------------
------- Id: 10 -------

------- Execution Stack: -------
b = 2
c = 5
switch(a * 10)
(case b * b: (print(a); print(b)))
(case 10: (print(100); print(200)))
(default : print(100))
print(300)
a = 1

------- Symbol Table: -------
a = 0
b = 0
c = 0

------- Out: -------

------- FileTable: -------

------- Heap: -------


------------------------------------------------------------------------------------
------- Id: 10 -------

------- Execution Stack: -------
b = 2
c = 5
switch(a * 10)
(case b * b: (print(a); print(b)))
(case 10: (print(100); print(200)))
(default : print(100))
print(300)

------- Symbol Table: -------
a = 1
b = 0
c = 0

------- Out: -------

------- FileTable: -------

------- Heap: -------


------------------------------------------------------------------------------------
------- Id: 10 -------

------- Execution Stack: -------
c = 5
switch(a * 10)
(case b * b: (print(a); print(b)))
(case 10: (print(100); print(200)))
(default : print(100))
print(300)
b = 2

------- Symbol Table: -------
a = 1
b = 0
c = 0

------- Out: -------

------- FileTable: -------

------- Heap: -------


------------------------------------------------------------------------------------
------- Id: 10 -------

------- Execution Stack: -------
c = 5
switch(a * 10)
(case b * b: (print(a); print(b)))
(case 10: (print(100); print(200)))
(default : print(100))
print(300)

------- Symbol Table: -------
a = 1
b = 2
c = 0

------- Out: -------

------- FileTable: -------

------- Heap: -------


------------------------------------------------------------------------------------
------- Id: 10 -------

------- Execution Stack: -------
switch(a * 10)
(case b * b: (print(a); print(b)))
(case 10: (print(100); print(200)))
(default : print(100))
print(300)
c = 5

------- Symbol Table: -------
a = 1
b = 2
c = 0

------- Out: -------

------- FileTable: -------

------- Heap: -------


------------------------------------------------------------------------------------
------- Id: 10 -------

------- Execution Stack: -------
switch(a * 10)
(case b * b: (print(a); print(b)))
(case 10: (print(100); print(200)))
(default : print(100))
print(300)

------- Symbol Table: -------
a = 1
b = 2
c = 5

------- Out: -------

------- FileTable: -------

------- Heap: -------


------------------------------------------------------------------------------------
------- Id: 10 -------

------- Execution Stack: -------
print(300)
switch(a * 10)
(case b * b: (print(a); print(b)))
(case 10: (print(100); print(200)))
(default : print(100))

------- Symbol Table: -------
a = 1
b = 2
c = 5

------- Out: -------

------- FileTable: -------

------- Heap: -------


------------------------------------------------------------------------------------
------- Id: 10 -------

------- Execution Stack: -------
print(300)
print(100)
print(200)

------- Symbol Table: -------
a = 1
b = 2
c = 5

------- Out: -------

------- FileTable: -------

------- Heap: -------


------------------------------------------------------------------------------------
------- Id: 10 -------

------- Execution Stack: -------
print(300)
print(200)
print(100)

------- Symbol Table: -------
a = 1
b = 2
c = 5

------- Out: -------

------- FileTable: -------

------- Heap: -------


------------------------------------------------------------------------------------
------- Id: 10 -------

------- Execution Stack: -------
print(300)
print(200)

------- Symbol Table: -------
a = 1
b = 2
c = 5

------- Out: -------
100 
------- FileTable: -------

------- Heap: -------


------------------------------------------------------------------------------------
------- Id: 10 -------

------- Execution Stack: -------
print(300)

------- Symbol Table: -------
a = 1
b = 2
c = 5

------- Out: -------
100 200 
------- FileTable: -------

------- Heap: -------


------------------------------------------------------------------------------------
------- Id: 10 -------

------- Execution Stack: -------

------- Symbol Table: -------
a = 1
b = 2
c = 5

------- Out: -------
100 200 300 
------- FileTable: -------

------- Heap: -------

