
------------------------------------------------------------------------------------
------- Id: 13 -------

------- Execution Stack: -------
fork((v = v - 1; (v = v - 1; print(v))))
sleep(10)
print(v * 10)
int v

------- Symbol Table: -------

------- Out: -------

------- FileTable: -------

------- Heap: -------


------------------------------------------------------------------------------------
------- Id: 13 -------

------- Execution Stack: -------
fork((v = v - 1; (v = v - 1; print(v))))
sleep(10)
print(v * 10)

------- Symbol Table: -------
v = 0

------- Out: -------

------- FileTable: -------

------- Heap: -------


------------------------------------------------------------------------------------
------- Id: 13 -------

------- Execution Stack: -------
sleep(10)
print(v * 10)
fork((v = v - 1; (v = v - 1; print(v))))

------- Symbol Table: -------
v = 0

------- Out: -------

------- FileTable: -------

------- Heap: -------


------------------------------------------------------------------------------------
------- Id: 13 -------

------- Execution Stack: -------
sleep(10)
print(v * 10)

------- Symbol Table: -------
v = 0

------- Out: -------

------- FileTable: -------

------- Heap: -------


------------------------------------------------------------------------------------
------- Id: 14 -------

------- Execution Stack: -------
v = v - 1
v = v - 1
print(v)

------- Symbol Table: -------
v = 0

------- Out: -------

------- FileTable: -------

------- Heap: -------


------------------------------------------------------------------------------------
------- Id: 13 -------

------- Execution Stack: -------
print(v * 10)
sleep(10)

------- Symbol Table: -------
v = 0

------- Out: -------

------- FileTable: -------

------- Heap: -------


------------------------------------------------------------------------------------
------- Id: 14 -------

------- Execution Stack: -------
v = v - 1
print(v)
v = v - 1

------- Symbol Table: -------
v = 0

------- Out: -------

------- FileTable: -------

------- Heap: -------


------------------------------------------------------------------------------------
------- Id: 13 -------

------- Execution Stack: -------
print(v * 10)
sleep(9)

------- Symbol Table: -------
v = 0

------- Out: -------

------- FileTable: -------

------- Heap: -------


------------------------------------------------------------------------------------
------- Id: 14 -------

------- Execution Stack: -------
v = v - 1
print(v)

------- Symbol Table: -------
v = -1

------- Out: -------

------- FileTable: -------

------- Heap: -------


------------------------------------------------------------------------------------
------- Id: 13 -------

------- Execution Stack: -------
print(v * 10)
sleep(8)

------- Symbol Table: -------
v = 0

------- Out: -------

------- FileTable: -------

------- Heap: -------


------------------------------------------------------------------------------------
------- Id: 14 -------

------- Execution Stack: -------
print(v)
v = v - 1

------- Symbol Table: -------
v = -1

------- Out: -------

------- FileTable: -------

------- Heap: -------


------------------------------------------------------------------------------------
------- Id: 13 -------

------- Execution Stack: -------
print(v * 10)
sleep(7)

------- Symbol Table: -------
v = 0

------- Out: -------

------- FileTable: -------

------- Heap: -------


------------------------------------------------------------------------------------
------- Id: 14 -------

------- Execution Stack: -------
print(v)

------- Symbol Table: -------
v = -2

------- Out: -------

------- FileTable: -------

------- Heap: -------


------------------------------------------------------------------------------------
------- Id: 13 -------

------- Execution Stack: -------
print(v * 10)
sleep(6)

------- Symbol Table: -------
v = 0

------- Out: -------
-2 
------- FileTable: -------

------- Heap: -------


------------------------------------------------------------------------------------
------- Id: 14 -------

------- Execution Stack: -------

------- Symbol Table: -------
v = -2

------- Out: -------
-2 
------- FileTable: -------

------- Heap: -------


------------------------------------------------------------------------------------
------- Id: 13 -------

------- Execution Stack: -------
print(v * 10)
sleep(5)

------- Symbol Table: -------
v = 0

------- Out: -------
-2 
------- FileTable: -------

------- Heap: -------


------------------------------------------------------------------------------------
------- Id: 13 -------

------- Execution Stack: -------
print(v * 10)
sleep(4)

------- Symbol Table: -------
v = 0

------- Out: -------
-2 
------- FileTable: -------

------- Heap: -------


------------------------------------------------------------------------------------
------- Id: 13 -------

------- Execution Stack: -------
print(v * 10)
sleep(3)

------- Symbol Table: -------
v = 0

------- Out: -------
-2 
------- FileTable: -------

------- Heap: -------


------------------------------------------------------------------------------------
------- Id: 13 -------

------- Execution Stack: -------
print(v * 10)
sleep(2)

------- Symbol Table: -------
v = 0

------- Out: -------
-2 
------- FileTable: -------

------- Heap: -------


------------------------------------------------------------------------------------
------- Id: 13 -------

------- Execution Stack: -------
print(v * 10)
sleep(1)

------- Symbol Table: -------
v = 0

------- Out: -------
-2 
------- FileTable: -------

------- Heap: -------


------------------------------------------------------------------------------------
------- Id: 13 -------

------- Execution Stack: -------
print(v * 10)
sleep(0)

------- Symbol Table: -------
v = 0

------- Out: -------
-2 
------- FileTable: -------

------- Heap: -------


------------------------------------------------------------------------------------
------- Id: 13 -------

------- Execution Stack: -------
print(v * 10)

------- Symbol Table: -------
v = 0

------- Out: -------
-2 
------- FileTable: -------

------- Heap: -------


------------------------------------------------------------------------------------
------- Id: 13 -------

------- Execution Stack: -------

------- Symbol Table: -------
v = 0

------- Out: -------
-2 0 
------- FileTable: -------

------- Heap: -------


------------------------------------------------------------------------------------
------- Id: 13 -------

------- Execution Stack: -------
v = 10
fork((v = v - 1; (v = v - 1; print(v))))
sleep(10)
print(v * 10)
int v

------- Symbol Table: -------

------- Out: -------

------- FileTable: -------

------- Heap: -------


------------------------------------------------------------------------------------
------- Id: 13 -------

------- Execution Stack: -------
v = 10
fork((v = v - 1; (v = v - 1; print(v))))
sleep(10)
print(v * 10)

------- Symbol Table: -------
v = 0

------- Out: -------

------- FileTable: -------

------- Heap: -------


------------------------------------------------------------------------------------
------- Id: 13 -------

------- Execution Stack: -------
fork((v = v - 1; (v = v - 1; print(v))))
sleep(10)
print(v * 10)
v = 10

------- Symbol Table: -------
v = 0

------- Out: -------

------- FileTable: -------

------- Heap: -------


------------------------------------------------------------------------------------
------- Id: 13 -------

------- Execution Stack: -------
fork((v = v - 1; (v = v - 1; print(v))))
sleep(10)
print(v * 10)

------- Symbol Table: -------
v = 10

------- Out: -------

------- FileTable: -------

------- Heap: -------


------------------------------------------------------------------------------------
------- Id: 13 -------

------- Execution Stack: -------
sleep(10)
print(v * 10)
fork((v = v - 1; (v = v - 1; print(v))))

------- Symbol Table: -------
v = 10

------- Out: -------

------- FileTable: -------

------- Heap: -------


------------------------------------------------------------------------------------
------- Id: 13 -------

------- Execution Stack: -------
sleep(10)
print(v * 10)

------- Symbol Table: -------
v = 10

------- Out: -------

------- FileTable: -------

------- Heap: -------


------------------------------------------------------------------------------------
------- Id: 14 -------

------- Execution Stack: -------
v = v - 1
v = v - 1
print(v)

------- Symbol Table: -------
v = 10

------- Out: -------

------- FileTable: -------

------- Heap: -------


------------------------------------------------------------------------------------
------- Id: 13 -------

------- Execution Stack: -------
print(v * 10)
sleep(10)

------- Symbol Table: -------
v = 10

------- Out: -------

------- FileTable: -------

------- Heap: -------


------------------------------------------------------------------------------------
------- Id: 14 -------

------- Execution Stack: -------
v = v - 1
print(v)
v = v - 1

------- Symbol Table: -------
v = 10

------- Out: -------

------- FileTable: -------

------- Heap: -------


------------------------------------------------------------------------------------
------- Id: 13 -------

------- Execution Stack: -------
print(v * 10)
sleep(9)

------- Symbol Table: -------
v = 10

------- Out: -------

------- FileTable: -------

------- Heap: -------


------------------------------------------------------------------------------------
------- Id: 14 -------

------- Execution Stack: -------
v = v - 1
print(v)

------- Symbol Table: -------
v = 9

------- Out: -------

------- FileTable: -------

------- Heap: -------


------------------------------------------------------------------------------------
------- Id: 13 -------

------- Execution Stack: -------
print(v * 10)
sleep(8)

------- Symbol Table: -------
v = 10

------- Out: -------

------- FileTable: -------

------- Heap: -------


------------------------------------------------------------------------------------
------- Id: 14 -------

------- Execution Stack: -------
print(v)
v = v - 1

------- Symbol Table: -------
v = 9

------- Out: -------

------- FileTable: -------

------- Heap: -------


------------------------------------------------------------------------------------
------- Id: 13 -------

------- Execution Stack: -------
print(v * 10)
sleep(7)

------- Symbol Table: -------
v = 10

------- Out: -------

------- FileTable: -------

------- Heap: -------


------------------------------------------------------------------------------------
------- Id: 14 -------

------- Execution Stack: -------
print(v)

------- Symbol Table: -------
v = 8

------- Out: -------

------- FileTable: -------

------- Heap: -------


------------------------------------------------------------------------------------
------- Id: 13 -------

------- Execution Stack: -------
print(v * 10)
sleep(6)

------- Symbol Table: -------
v = 10

------- Out: -------
8 
------- FileTable: -------

------- Heap: -------


------------------------------------------------------------------------------------
------- Id: 14 -------

------- Execution Stack: -------

------- Symbol Table: -------
v = 8

------- Out: -------
8 
------- FileTable: -------

------- Heap: -------


------------------------------------------------------------------------------------
------- Id: 13 -------

------- Execution Stack: -------
print(v * 10)
sleep(5)

------- Symbol Table: -------
v = 10

------- Out: -------
8 
------- FileTable: -------

------- Heap: -------


------------------------------------------------------------------------------------
------- Id: 13 -------

------- Execution Stack: -------
print(v * 10)
sleep(4)

------- Symbol Table: -------
v = 10

------- Out: -------
8 
------- FileTable: -------

------- Heap: -------


------------------------------------------------------------------------------------
------- Id: 13 -------

------- Execution Stack: -------
print(v * 10)
sleep(3)

------- Symbol Table: -------
v = 10

------- Out: -------
8 
------- FileTable: -------

------- Heap: -------


------------------------------------------------------------------------------------
------- Id: 13 -------

------- Execution Stack: -------
print(v * 10)
sleep(2)

------- Symbol Table: -------
v = 10

------- Out: -------
8 
------- FileTable: -------

------- Heap: -------


------------------------------------------------------------------------------------
------- Id: 13 -------

------- Execution Stack: -------
print(v * 10)
sleep(1)

------- Symbol Table: -------
v = 10

------- Out: -------
8 
------- FileTable: -------

------- Heap: -------


------------------------------------------------------------------------------------
------- Id: 13 -------

------- Execution Stack: -------
print(v * 10)
sleep(0)

------- Symbol Table: -------
v = 10

------- Out: -------
8 
------- FileTable: -------

------- Heap: -------


------------------------------------------------------------------------------------
------- Id: 13 -------

------- Execution Stack: -------
print(v * 10)

------- Symbol Table: -------
v = 10

------- Out: -------
8 
------- FileTable: -------

------- Heap: -------


------------------------------------------------------------------------------------
------- Id: 13 -------

------- Execution Stack: -------

------- Symbol Table: -------
v = 10

------- Out: -------
8 100 
------- FileTable: -------

------- Heap: -------

