
------------------------------------------------------------------------------------
------- Id: 8 -------

------- Execution Stack: -------
model.adtContainers.MyStack@fbdf2d2
------- Symbol Table: -------

------- Out: -------

------- FileTable: -------

------- Heap: -------


------------------------------------------------------------------------------------
------- Id: 8 -------

------- Execution Stack: -------
model.adtContainers.MyStack@fbdf2d2
------- Symbol Table: -------
v = (0, int)

------- Out: -------

------- FileTable: -------

------- Heap: -------


------------------------------------------------------------------------------------
------- Id: 8 -------

------- Execution Stack: -------
model.adtContainers.MyStack@fbdf2d2
------- Symbol Table: -------
v = (0, int)

------- Out: -------

------- FileTable: -------

------- Heap: -------


------------------------------------------------------------------------------------
------- Id: 8 -------

------- Execution Stack: -------
model.adtContainers.MyStack@fbdf2d2
------- Symbol Table: -------
v = (1, int)

------- Out: -------

------- FileTable: -------

------- Heap: -------
1 = 20


------------------------------------------------------------------------------------
------- Id: 8 -------

------- Execution Stack: -------
model.adtContainers.MyStack@fbdf2d2
------- Symbol Table: -------
v = (1, int)

------- Out: -------

------- FileTable: -------

------- Heap: -------
1 = 20


------------------------------------------------------------------------------------
------- Id: 8 -------

------- Execution Stack: -------
model.adtContainers.MyStack@fbdf2d2
------- Symbol Table: -------
a = (0, Ref(int))
v = (1, int)

------- Out: -------

------- FileTable: -------

------- Heap: -------
1 = 20


------------------------------------------------------------------------------------
------- Id: 8 -------

------- Execution Stack: -------
model.adtContainers.MyStack@fbdf2d2
------- Symbol Table: -------
a = (0, Ref(int))
v = (1, int)

------- Out: -------

------- FileTable: -------

------- Heap: -------
1 = 20


------------------------------------------------------------------------------------
------- Id: 8 -------

------- Execution Stack: -------
model.adtContainers.MyStack@fbdf2d2
------- Symbol Table: -------
a = (2, Ref(int))
v = (1, int)

------- Out: -------

------- FileTable: -------

------- Heap: -------
1 = 20
2 = (1, int)


------------------------------------------------------------------------------------
------- Id: 8 -------

------- Execution Stack: -------
model.adtContainers.MyStack@fbdf2d2
------- Symbol Table: -------
a = (2, Ref(int))
v = (1, int)

------- Out: -------

------- FileTable: -------

------- Heap: -------
1 = 20
2 = (1, int)


------------------------------------------------------------------------------------
------- Id: 8 -------

------- Execution Stack: -------
model.adtContainers.MyStack@fbdf2d2
------- Symbol Table: -------
a = (2, Ref(int))
v = (3, int)

------- Out: -------

------- FileTable: -------

------- Heap: -------
1 = 20
2 = (1, int)
3 = 30


------------------------------------------------------------------------------------
------- Id: 8 -------

------- Execution Stack: -------
model.adtContainers.MyStack@fbdf2d2
------- Symbol Table: -------
a = (2, Ref(int))
v = (3, int)

------- Out: -------
20 
------- FileTable: -------

------- Heap: -------
1 = 20
2 = (1, int)
3 = 30

