
------------------------------------------------------------------------------------
------- Id: 9 -------

------- Execution Stack: -------
int v
Ref(int) a
v = 10
(new a 22)
fork((wH(a 30);(v = 32;(print(v);print(rH(a))))))
print(v)
print(rH(a))

------- Symbol Table: -------

------- Out: -------

------- FileTable: -------

------- Heap: -------


------------------------------------------------------------------------------------
------- Id: 9 -------

------- Execution Stack: -------
Ref(int) a
v = 10
(new a 22)
fork((wH(a 30);(v = 32;(print(v);print(rH(a))))))
print(v)
print(rH(a))

int v

------- Symbol Table: -------

------- Out: -------

------- FileTable: -------

------- Heap: -------


------------------------------------------------------------------------------------
------- Id: 9 -------

------- Execution Stack: -------
Ref(int) a
v = 10
(new a 22)
fork((wH(a 30);(v = 32;(print(v);print(rH(a))))))
print(v)
print(rH(a))

int v

------- Symbol Table: -------

------- Out: -------

------- FileTable: -------

------- Heap: -------


------------------------------------------------------------------------------------
------- Id: 9 -------

------- Execution Stack: -------
Ref(int) a
v = 10
(new a 22)
fork((wH(a 30);(v = 32;(print(v);print(rH(a))))))
print(v)
print(rH(a))

------- Symbol Table: -------
v = 0

------- Out: -------

------- FileTable: -------

------- Heap: -------


------------------------------------------------------------------------------------
------- Id: 9 -------

------- Execution Stack: -------
Ref(int) a
v = 10
(new a 22)
fork((wH(a 30);(v = 32;(print(v);print(rH(a))))))
print(v)
print(rH(a))

------- Symbol Table: -------
v = 0

------- Out: -------

------- FileTable: -------

------- Heap: -------


------------------------------------------------------------------------------------
------- Id: 9 -------

------- Execution Stack: -------
v = 10
(new a 22)
fork((wH(a 30);(v = 32;(print(v);print(rH(a))))))
print(v)
print(rH(a))

Ref(int) a

------- Symbol Table: -------
v = 0

------- Out: -------

------- FileTable: -------

------- Heap: -------


------------------------------------------------------------------------------------
------- Id: 9 -------

------- Execution Stack: -------
v = 10
(new a 22)
fork((wH(a 30);(v = 32;(print(v);print(rH(a))))))
print(v)
print(rH(a))

Ref(int) a

------- Symbol Table: -------
v = 0

------- Out: -------

------- FileTable: -------

------- Heap: -------


------------------------------------------------------------------------------------
------- Id: 9 -------

------- Execution Stack: -------
v = 10
(new a 22)
fork((wH(a 30);(v = 32;(print(v);print(rH(a))))))
print(v)
print(rH(a))

------- Symbol Table: -------
a = (0, int)
v = 0

------- Out: -------

------- FileTable: -------

------- Heap: -------


------------------------------------------------------------------------------------
------- Id: 9 -------

------- Execution Stack: -------
v = 10
(new a 22)
fork((wH(a 30);(v = 32;(print(v);print(rH(a))))))
print(v)
print(rH(a))

------- Symbol Table: -------
a = (0, int)
v = 0

------- Out: -------

------- FileTable: -------

------- Heap: -------


------------------------------------------------------------------------------------
------- Id: 9 -------

------- Execution Stack: -------
(new a 22)
fork((wH(a 30);(v = 32;(print(v);print(rH(a))))))
print(v)
print(rH(a))

v = 10

------- Symbol Table: -------
a = (0, int)
v = 0

------- Out: -------

------- FileTable: -------

------- Heap: -------


------------------------------------------------------------------------------------
------- Id: 9 -------

------- Execution Stack: -------
(new a 22)
fork((wH(a 30);(v = 32;(print(v);print(rH(a))))))
print(v)
print(rH(a))

v = 10

------- Symbol Table: -------
a = (0, int)
v = 0

------- Out: -------

------- FileTable: -------

------- Heap: -------


------------------------------------------------------------------------------------
------- Id: 9 -------

------- Execution Stack: -------
(new a 22)
fork((wH(a 30);(v = 32;(print(v);print(rH(a))))))
print(v)
print(rH(a))

------- Symbol Table: -------
a = (0, int)
v = 10

------- Out: -------

------- FileTable: -------

------- Heap: -------


------------------------------------------------------------------------------------
------- Id: 9 -------

------- Execution Stack: -------
(new a 22)
fork((wH(a 30);(v = 32;(print(v);print(rH(a))))))
print(v)
print(rH(a))

------- Symbol Table: -------
a = (0, int)
v = 10

------- Out: -------

------- FileTable: -------

------- Heap: -------


------------------------------------------------------------------------------------
------- Id: 9 -------

------- Execution Stack: -------
fork((wH(a 30);(v = 32;(print(v);print(rH(a))))))
print(v)
print(rH(a))

(new a 22)

------- Symbol Table: -------
a = (0, int)
v = 10

------- Out: -------

------- FileTable: -------

------- Heap: -------


------------------------------------------------------------------------------------
------- Id: 9 -------

------- Execution Stack: -------
fork((wH(a 30);(v = 32;(print(v);print(rH(a))))))
print(v)
print(rH(a))

(new a 22)

------- Symbol Table: -------
a = (0, int)
v = 10

------- Out: -------

------- FileTable: -------

------- Heap: -------


------------------------------------------------------------------------------------
------- Id: 9 -------

------- Execution Stack: -------
fork((wH(a 30);(v = 32;(print(v);print(rH(a))))))
print(v)
print(rH(a))

------- Symbol Table: -------
a = (1, int)
v = 10

------- Out: -------

------- FileTable: -------

------- Heap: -------
1 = 22


------------------------------------------------------------------------------------
------- Id: 9 -------

------- Execution Stack: -------
fork((wH(a 30);(v = 32;(print(v);print(rH(a))))))
print(v)
print(rH(a))

------- Symbol Table: -------
a = (1, int)
v = 10

------- Out: -------

------- FileTable: -------

------- Heap: -------
1 = 22


------------------------------------------------------------------------------------
------- Id: 9 -------

------- Execution Stack: -------
print(v)
print(rH(a))

fork((wH(a 30);(v = 32;(print(v);print(rH(a))))))

------- Symbol Table: -------
a = (1, int)
v = 10

------- Out: -------

------- FileTable: -------

------- Heap: -------
1 = 22


------------------------------------------------------------------------------------
------- Id: 9 -------

------- Execution Stack: -------
print(v)
print(rH(a))

fork((wH(a 30);(v = 32;(print(v);print(rH(a))))))

------- Symbol Table: -------
a = (1, int)
v = 10

------- Out: -------

------- FileTable: -------

------- Heap: -------
1 = 22


------------------------------------------------------------------------------------
------- Id: 9 -------

------- Execution Stack: -------
print(v)
print(rH(a))

------- Symbol Table: -------
a = (1, int)
v = 10

------- Out: -------

------- FileTable: -------

------- Heap: -------
1 = 22


------------------------------------------------------------------------------------
------- Id: 10 -------

------- Execution Stack: -------
wH(a 30)
v = 32
print(v)
print(rH(a))

------- Symbol Table: -------
a = (1, int)
v = 10

------- Out: -------

------- FileTable: -------

------- Heap: -------
1 = 22


------------------------------------------------------------------------------------
------- Id: 9 -------

------- Execution Stack: -------
print(v)
print(rH(a))

------- Symbol Table: -------
a = (1, int)
v = 10

------- Out: -------

------- FileTable: -------

------- Heap: -------
1 = 22


------------------------------------------------------------------------------------
------- Id: 10 -------

------- Execution Stack: -------
wH(a 30)
v = 32
print(v)
print(rH(a))

------- Symbol Table: -------
a = (1, int)
v = 10

------- Out: -------

------- FileTable: -------

------- Heap: -------
1 = 22


------------------------------------------------------------------------------------
------- Id: 9 -------

------- Execution Stack: -------

print(rH(a))

print(v)

------- Symbol Table: -------
a = (1, int)
v = 10

------- Out: -------

------- FileTable: -------

------- Heap: -------
1 = 22


------------------------------------------------------------------------------------
------- Id: 10 -------

------- Execution Stack: -------
v = 32
print(v)
print(rH(a))

wH(a 30)

------- Symbol Table: -------
a = (1, int)
v = 10

------- Out: -------

------- FileTable: -------

------- Heap: -------
1 = 22


------------------------------------------------------------------------------------
------- Id: 9 -------

------- Execution Stack: -------

print(rH(a))

print(v)

------- Symbol Table: -------
a = (1, int)
v = 10

------- Out: -------

------- FileTable: -------

------- Heap: -------
1 = 22


------------------------------------------------------------------------------------
------- Id: 10 -------

------- Execution Stack: -------
v = 32
print(v)
print(rH(a))

wH(a 30)

------- Symbol Table: -------
a = (1, int)
v = 10

------- Out: -------

------- FileTable: -------

------- Heap: -------
1 = 22


------------------------------------------------------------------------------------
------- Id: 9 -------

------- Execution Stack: -------

print(rH(a))

------- Symbol Table: -------
a = (1, int)
v = 10

------- Out: -------
10 
------- FileTable: -------

------- Heap: -------
1 = 30


------------------------------------------------------------------------------------
------- Id: 10 -------

------- Execution Stack: -------
v = 32
print(v)
print(rH(a))

------- Symbol Table: -------
a = (1, int)
v = 10

------- Out: -------
10 
------- FileTable: -------

------- Heap: -------
1 = 30


------------------------------------------------------------------------------------
------- Id: 9 -------

------- Execution Stack: -------

print(rH(a))

------- Symbol Table: -------
a = (1, int)
v = 10

------- Out: -------
10 
------- FileTable: -------

------- Heap: -------
1 = 30


------------------------------------------------------------------------------------
------- Id: 10 -------

------- Execution Stack: -------
v = 32
print(v)
print(rH(a))

------- Symbol Table: -------
a = (1, int)
v = 10

------- Out: -------
10 
------- FileTable: -------

------- Heap: -------
1 = 30


------------------------------------------------------------------------------------
------- Id: 9 -------

------- Execution Stack: -------

------- Symbol Table: -------
a = (1, int)
v = 10

------- Out: -------
10 30 
------- FileTable: -------

------- Heap: -------
1 = 30


------------------------------------------------------------------------------------
------- Id: 10 -------

------- Execution Stack: -------
print(v)
print(rH(a))

v = 32

------- Symbol Table: -------
a = (1, int)
v = 10

------- Out: -------
10 30 
------- FileTable: -------

------- Heap: -------
1 = 30


------------------------------------------------------------------------------------
------- Id: 10 -------

------- Execution Stack: -------
print(v)
print(rH(a))

v = 32

------- Symbol Table: -------
a = (1, int)
v = 10

------- Out: -------
10 30 
------- FileTable: -------

------- Heap: -------
1 = 30


------------------------------------------------------------------------------------
------- Id: 10 -------

------- Execution Stack: -------
print(v)
print(rH(a))

------- Symbol Table: -------
a = (1, int)
v = 32

------- Out: -------
10 30 
------- FileTable: -------

------- Heap: -------
1 = 30


------------------------------------------------------------------------------------
------- Id: 10 -------

------- Execution Stack: -------
print(v)
print(rH(a))

------- Symbol Table: -------
a = (1, int)
v = 32

------- Out: -------
10 30 
------- FileTable: -------

------- Heap: -------
1 = 30


------------------------------------------------------------------------------------
------- Id: 10 -------

------- Execution Stack: -------

print(rH(a))

print(v)

------- Symbol Table: -------
a = (1, int)
v = 32

------- Out: -------
10 30 
------- FileTable: -------

------- Heap: -------
1 = 30


------------------------------------------------------------------------------------
------- Id: 10 -------

------- Execution Stack: -------

print(rH(a))

print(v)

------- Symbol Table: -------
a = (1, int)
v = 32

------- Out: -------
10 30 
------- FileTable: -------

------- Heap: -------
1 = 30


------------------------------------------------------------------------------------
------- Id: 10 -------

------- Execution Stack: -------

print(rH(a))

------- Symbol Table: -------
a = (1, int)
v = 32

------- Out: -------
10 30 32 
------- FileTable: -------

------- Heap: -------
1 = 30


------------------------------------------------------------------------------------
------- Id: 10 -------

------- Execution Stack: -------

print(rH(a))

------- Symbol Table: -------
a = (1, int)
v = 32

------- Out: -------
10 30 32 
------- FileTable: -------

------- Heap: -------
1 = 30


------------------------------------------------------------------------------------
------- Id: 10 -------

------- Execution Stack: -------

------- Symbol Table: -------
a = (1, int)
v = 32

------- Out: -------
10 30 32 30 
------- FileTable: -------

------- Heap: -------
1 = 30

